<?xml version="1.0" encoding="UTF-8"?>
<testng-results skipped="0" failed="48" total="69" passed="21">
  <reporter-output>
  </reporter-output>
  <suite name="Automation" duration-ms="7579310" started-at="2018-06-28T06:53:10Z" finished-at="2018-06-28T08:59:29Z">
    <groups>
    </groups>
    <test name="Gudppl Automation Event" duration-ms="7579310" started-at="2018-06-28T06:53:10Z" finished-at="2018-06-28T08:59:29Z">
      <class name="com.prod.testcases.EstimateTestCase">
        <test-method status="PASS" signature="initializeTestBaseSetup(java.lang.String, java.lang.String)[pri:0, instance:com.prod.testcases.EstimateTestCase@2f686d1f]" name="initializeTestBaseSetup" is-config="true" duration-ms="14569" started-at="2018-06-28T12:23:10Z" finished-at="2018-06-28T12:23:24Z">
          <params>
            <param index="0">
              <value>
                <![CDATA[chrome]]>
              </value>
            </param>
            <param index="1">
              <value>
                <![CDATA[http://dev.villvay.com/thecabinetface]]>
              </value>
            </param>
          </params>
          <reporter-output>
          </reporter-output>
        </test-method> <!-- initializeTestBaseSetup -->
        <test-method status="PASS" signature="setUp()[pri:0, instance:com.prod.testcases.EstimateTestCase@2f686d1f]" name="setUp" is-config="true" duration-ms="46246" started-at="2018-06-28T12:23:24Z" finished-at="2018-06-28T12:24:10Z">
          <reporter-output>
          </reporter-output>
        </test-method> <!-- setUp -->
        <test-method status="PASS" signature="testSignIn(java.lang.String, java.lang.String, java.lang.String, java.lang.String, java.lang.String, java.lang.String, java.lang.String, java.lang.String)[pri:0, instance:com.prod.testcases.EstimateTestCase@2f686d1f]" name="testSignIn" duration-ms="99187" started-at="2018-06-28T12:24:11Z" data-provider="estimateDetails" finished-at="2018-06-28T12:25:50Z">
          <params>
            <param index="0">
              <value>
                <![CDATA[Solid Wood Shaker]]>
              </value>
            </param>
            <param index="1">
              <value>
                <![CDATA[Red Oak Solid Wood Shaker]]>
              </value>
            </param>
            <param index="2">
              <value>
                <![CDATA[None]]>
              </value>
            </param>
            <param index="3">
              <value>
                <![CDATA[Doors]]>
              </value>
            </param>
            <param index="4">
              <value>
                <![CDATA[12x30]]>
              </value>
            </param>
            <param index="5">
              <value>
                <![CDATA[1]]>
              </value>
            </param>
            <param index="6">
              <value>
                <![CDATA[12]]>
              </value>
            </param>
            <param index="7">
              <value>
                <![CDATA[30]]>
              </value>
            </param>
          </params>
          <reporter-output>
          </reporter-output>
        </test-method> <!-- testSignIn -->
        <test-method status="PASS" signature="testSignIn(java.lang.String, java.lang.String, java.lang.String, java.lang.String, java.lang.String, java.lang.String, java.lang.String, java.lang.String)[pri:0, instance:com.prod.testcases.EstimateTestCase@2f686d1f]" name="testSignIn" duration-ms="95598" started-at="2018-06-28T12:25:50Z" data-provider="estimateDetails" finished-at="2018-06-28T12:27:26Z">
          <params>
            <param index="0">
              <value>
                <![CDATA[Solid Wood Shaker]]>
              </value>
            </param>
            <param index="1">
              <value>
                <![CDATA[Red Oak Solid Wood Shaker]]>
              </value>
            </param>
            <param index="2">
              <value>
                <![CDATA[None]]>
              </value>
            </param>
            <param index="3">
              <value>
                <![CDATA[Doors]]>
              </value>
            </param>
            <param index="4">
              <value>
                <![CDATA[12x40]]>
              </value>
            </param>
            <param index="5">
              <value>
                <![CDATA[1]]>
              </value>
            </param>
            <param index="6">
              <value>
                <![CDATA[12]]>
              </value>
            </param>
            <param index="7">
              <value>
                <![CDATA[40]]>
              </value>
            </param>
          </params>
          <reporter-output>
          </reporter-output>
        </test-method> <!-- testSignIn -->
        <test-method status="FAIL" signature="testSignIn(java.lang.String, java.lang.String, java.lang.String, java.lang.String, java.lang.String, java.lang.String, java.lang.String, java.lang.String)[pri:0, instance:com.prod.testcases.EstimateTestCase@2f686d1f]" name="testSignIn" duration-ms="74324" started-at="2018-06-28T12:27:26Z" data-provider="estimateDetails" finished-at="2018-06-28T12:28:40Z">
          <params>
            <param index="0">
              <value>
                <![CDATA[Solid Wood Shaker]]>
              </value>
            </param>
            <param index="1">
              <value>
                <![CDATA[Red Oak Solid Wood Shaker]]>
              </value>
            </param>
            <param index="2">
              <value>
                <![CDATA[None]]>
              </value>
            </param>
            <param index="3">
              <value>
                <![CDATA[Doors]]>
              </value>
            </param>
            <param index="4">
              <value>
                <![CDATA[15x15]]>
              </value>
            </param>
            <param index="5">
              <value>
                <![CDATA[1]]>
              </value>
            </param>
            <param index="6">
              <value>
                <![CDATA[15]]>
              </value>
            </param>
            <param index="7">
              <value>
                <![CDATA[15]]>
              </value>
            </param>
          </params>
          <exception class="org.openqa.selenium.ElementNotVisibleException">
            <message>
              <![CDATA[element not visible
  (Session info: chrome=67.0.3396.99)
  (Driver info: chromedriver=2.38.552522 (437e6fbedfa8762dec75e2c5b3ddb86763dc9dcb),platform=Windows NT 10.0.16299 x86_64) (WARNING: The server did not provide any stacktrace information)
Command duration or timeout: 23 milliseconds
Build info: version: '2.40.0', revision: '4c5c0568b004f67810ee41c459549aa4b09c651e', time: '2014-02-19 11:13:01'
System info: host: 'DESKTOP-BADJCCG', ip: '169.254.90.145', os.name: 'Windows 10', os.arch: 'amd64', os.version: '10.0', java.version: '1.8.0_161'
Driver info: org.openqa.selenium.chrome.ChromeDriver
Capabilities [{applicationCacheEnabled=false, rotatable=false, mobileEmulationEnabled=false, networkConnectionEnabled=false, chrome={chromedriverVersion=2.38.552522 (437e6fbedfa8762dec75e2c5b3ddb86763dc9dcb), userDataDir=C:\Users\vijay\AppData\Local\Temp\scoped_dir13108_4095}, takesHeapSnapshot=true, pageLoadStrategy=normal, databaseEnabled=false, handlesAlerts=true, hasTouchScreen=false, version=67.0.3396.99, platform=XP, browserConnectionEnabled=false, nativeEvents=true, acceptSslCerts=false, acceptInsecureCerts=false, locationContextEnabled=true, webStorageEnabled=true, browserName=chrome, takesScreenshot=true, javascriptEnabled=true, cssSelectorsEnabled=true, setWindowRect=true, unexpectedAlertBehaviour=}]
Session ID: 1bd7fd8f6ba36cb4319f98b36670891b]]>
            </message>
            <full-stacktrace>
              <![CDATA[org.openqa.selenium.ElementNotVisibleException: element not visible
  (Session info: chrome=67.0.3396.99)
  (Driver info: chromedriver=2.38.552522 (437e6fbedfa8762dec75e2c5b3ddb86763dc9dcb),platform=Windows NT 10.0.16299 x86_64) (WARNING: The server did not provide any stacktrace information)
Command duration or timeout: 23 milliseconds
Build info: version: '2.40.0', revision: '4c5c0568b004f67810ee41c459549aa4b09c651e', time: '2014-02-19 11:13:01'
System info: host: 'DESKTOP-BADJCCG', ip: '169.254.90.145', os.name: 'Windows 10', os.arch: 'amd64', os.version: '10.0', java.version: '1.8.0_161'
Driver info: org.openqa.selenium.chrome.ChromeDriver
Capabilities [{applicationCacheEnabled=false, rotatable=false, mobileEmulationEnabled=false, networkConnectionEnabled=false, chrome={chromedriverVersion=2.38.552522 (437e6fbedfa8762dec75e2c5b3ddb86763dc9dcb), userDataDir=C:\Users\vijay\AppData\Local\Temp\scoped_dir13108_4095}, takesHeapSnapshot=true, pageLoadStrategy=normal, databaseEnabled=false, handlesAlerts=true, hasTouchScreen=false, version=67.0.3396.99, platform=XP, browserConnectionEnabled=false, nativeEvents=true, acceptSslCerts=false, acceptInsecureCerts=false, locationContextEnabled=true, webStorageEnabled=true, browserName=chrome, takesScreenshot=true, javascriptEnabled=true, cssSelectorsEnabled=true, setWindowRect=true, unexpectedAlertBehaviour=}]
Session ID: 1bd7fd8f6ba36cb4319f98b36670891b
	at sun.reflect.NativeConstructorAccessorImpl.newInstance0(Native Method)
	at sun.reflect.NativeConstructorAccessorImpl.newInstance(Unknown Source)
	at sun.reflect.DelegatingConstructorAccessorImpl.newInstance(Unknown Source)
	at java.lang.reflect.Constructor.newInstance(Unknown Source)
	at org.openqa.selenium.remote.ErrorHandler.createThrowable(ErrorHandler.java:193)
	at org.openqa.selenium.remote.ErrorHandler.throwIfResponseFailed(ErrorHandler.java:145)
	at org.openqa.selenium.remote.RemoteWebDriver.execute(RemoteWebDriver.java:573)
	at org.openqa.selenium.remote.RemoteWebElement.execute(RemoteWebElement.java:268)
	at org.openqa.selenium.remote.RemoteWebElement.click(RemoteWebElement.java:79)
	at com.prod.estimate.CategoryPage.clickOnUnfinish(CategoryPage.java:384)
	at com.prod.estimate.CategoryPage.estimsteProcess(CategoryPage.java:217)
	at com.prod.testcases.EstimateTestCase.testSignIn(EstimateTestCase.java:83)
	at sun.reflect.NativeMethodAccessorImpl.invoke0(Native Method)
	at sun.reflect.NativeMethodAccessorImpl.invoke(Unknown Source)
	at sun.reflect.DelegatingMethodAccessorImpl.invoke(Unknown Source)
	at java.lang.reflect.Method.invoke(Unknown Source)
	at org.testng.internal.MethodInvocationHelper.invokeMethod(MethodInvocationHelper.java:80)
	at org.testng.internal.Invoker.invokeMethod(Invoker.java:714)
	at org.testng.internal.Invoker.invokeTestMethod(Invoker.java:901)
	at org.testng.internal.Invoker.invokeTestMethods(Invoker.java:1231)
	at org.testng.internal.TestMethodWorker.invokeTestMethods(TestMethodWorker.java:127)
	at org.testng.internal.TestMethodWorker.run(TestMethodWorker.java:111)
	at org.testng.TestRunner.privateRun(TestRunner.java:767)
	at org.testng.TestRunner.run(TestRunner.java:617)
	at org.testng.SuiteRunner.runTest(SuiteRunner.java:334)
	at org.testng.SuiteRunner.runSequentially(SuiteRunner.java:329)
	at org.testng.SuiteRunner.privateRun(SuiteRunner.java:291)
	at org.testng.SuiteRunner.run(SuiteRunner.java:240)
	at org.testng.SuiteRunnerWorker.runSuite(SuiteRunnerWorker.java:52)
	at org.testng.SuiteRunnerWorker.run(SuiteRunnerWorker.java:86)
	at org.testng.TestNG.runSuitesSequentially(TestNG.java:1198)
	at org.testng.TestNG.runSuitesLocally(TestNG.java:1123)
	at org.testng.TestNG.run(TestNG.java:1031)
	at org.testng.remote.AbstractRemoteTestNG.run(AbstractRemoteTestNG.java:114)
	at org.testng.remote.RemoteTestNG.initAndRun(RemoteTestNG.java:251)
	at org.testng.remote.RemoteTestNG.main(RemoteTestNG.java:77)
]]>
            </full-stacktrace>
          </exception> <!-- org.openqa.selenium.ElementNotVisibleException -->
          <reporter-output>
          </reporter-output>
        </test-method> <!-- testSignIn -->
        <test-method status="FAIL" signature="testSignIn(java.lang.String, java.lang.String, java.lang.String, java.lang.String, java.lang.String, java.lang.String, java.lang.String, java.lang.String)[pri:0, instance:com.prod.testcases.EstimateTestCase@2f686d1f]" name="testSignIn" duration-ms="23221" started-at="2018-06-28T12:28:40Z" data-provider="estimateDetails" finished-at="2018-06-28T12:29:03Z">
          <params>
            <param index="0">
              <value>
                <![CDATA[Solid Wood Shaker]]>
              </value>
            </param>
            <param index="1">
              <value>
                <![CDATA[Red Oak Solid Wood Shaker]]>
              </value>
            </param>
            <param index="2">
              <value>
                <![CDATA[None]]>
              </value>
            </param>
            <param index="3">
              <value>
                <![CDATA[Doors]]>
              </value>
            </param>
            <param index="4">
              <value>
                <![CDATA[15x20]]>
              </value>
            </param>
            <param index="5">
              <value>
                <![CDATA[1]]>
              </value>
            </param>
            <param index="6">
              <value>
                <![CDATA[15]]>
              </value>
            </param>
            <param index="7">
              <value>
                <![CDATA[20]]>
              </value>
            </param>
          </params>
          <exception class="org.openqa.selenium.ElementNotVisibleException">
            <message>
              <![CDATA[element not visible
  (Session info: chrome=67.0.3396.99)
  (Driver info: chromedriver=2.38.552522 (437e6fbedfa8762dec75e2c5b3ddb86763dc9dcb),platform=Windows NT 10.0.16299 x86_64) (WARNING: The server did not provide any stacktrace information)
Command duration or timeout: 19 milliseconds
Build info: version: '2.40.0', revision: '4c5c0568b004f67810ee41c459549aa4b09c651e', time: '2014-02-19 11:13:01'
System info: host: 'DESKTOP-BADJCCG', ip: '169.254.90.145', os.name: 'Windows 10', os.arch: 'amd64', os.version: '10.0', java.version: '1.8.0_161'
Driver info: org.openqa.selenium.chrome.ChromeDriver
Capabilities [{applicationCacheEnabled=false, rotatable=false, mobileEmulationEnabled=false, networkConnectionEnabled=false, chrome={chromedriverVersion=2.38.552522 (437e6fbedfa8762dec75e2c5b3ddb86763dc9dcb), userDataDir=C:\Users\vijay\AppData\Local\Temp\scoped_dir13108_4095}, takesHeapSnapshot=true, pageLoadStrategy=normal, databaseEnabled=false, handlesAlerts=true, hasTouchScreen=false, version=67.0.3396.99, platform=XP, browserConnectionEnabled=false, nativeEvents=true, acceptSslCerts=false, acceptInsecureCerts=false, locationContextEnabled=true, webStorageEnabled=true, browserName=chrome, takesScreenshot=true, javascriptEnabled=true, cssSelectorsEnabled=true, setWindowRect=true, unexpectedAlertBehaviour=}]
Session ID: 1bd7fd8f6ba36cb4319f98b36670891b]]>
            </message>
            <full-stacktrace>
              <![CDATA[org.openqa.selenium.ElementNotVisibleException: element not visible
  (Session info: chrome=67.0.3396.99)
  (Driver info: chromedriver=2.38.552522 (437e6fbedfa8762dec75e2c5b3ddb86763dc9dcb),platform=Windows NT 10.0.16299 x86_64) (WARNING: The server did not provide any stacktrace information)
Command duration or timeout: 19 milliseconds
Build info: version: '2.40.0', revision: '4c5c0568b004f67810ee41c459549aa4b09c651e', time: '2014-02-19 11:13:01'
System info: host: 'DESKTOP-BADJCCG', ip: '169.254.90.145', os.name: 'Windows 10', os.arch: 'amd64', os.version: '10.0', java.version: '1.8.0_161'
Driver info: org.openqa.selenium.chrome.ChromeDriver
Capabilities [{applicationCacheEnabled=false, rotatable=false, mobileEmulationEnabled=false, networkConnectionEnabled=false, chrome={chromedriverVersion=2.38.552522 (437e6fbedfa8762dec75e2c5b3ddb86763dc9dcb), userDataDir=C:\Users\vijay\AppData\Local\Temp\scoped_dir13108_4095}, takesHeapSnapshot=true, pageLoadStrategy=normal, databaseEnabled=false, handlesAlerts=true, hasTouchScreen=false, version=67.0.3396.99, platform=XP, browserConnectionEnabled=false, nativeEvents=true, acceptSslCerts=false, acceptInsecureCerts=false, locationContextEnabled=true, webStorageEnabled=true, browserName=chrome, takesScreenshot=true, javascriptEnabled=true, cssSelectorsEnabled=true, setWindowRect=true, unexpectedAlertBehaviour=}]
Session ID: 1bd7fd8f6ba36cb4319f98b36670891b
	at sun.reflect.NativeConstructorAccessorImpl.newInstance0(Native Method)
	at sun.reflect.NativeConstructorAccessorImpl.newInstance(Unknown Source)
	at sun.reflect.DelegatingConstructorAccessorImpl.newInstance(Unknown Source)
	at java.lang.reflect.Constructor.newInstance(Unknown Source)
	at org.openqa.selenium.remote.ErrorHandler.createThrowable(ErrorHandler.java:193)
	at org.openqa.selenium.remote.ErrorHandler.throwIfResponseFailed(ErrorHandler.java:145)
	at org.openqa.selenium.remote.RemoteWebDriver.execute(RemoteWebDriver.java:573)
	at org.openqa.selenium.remote.RemoteWebElement.execute(RemoteWebElement.java:268)
	at org.openqa.selenium.remote.RemoteWebElement.click(RemoteWebElement.java:79)
	at com.prod.estimate.CategoryPage.estimsteProcess(CategoryPage.java:53)
	at com.prod.testcases.EstimateTestCase.testSignIn(EstimateTestCase.java:83)
	at sun.reflect.NativeMethodAccessorImpl.invoke0(Native Method)
	at sun.reflect.NativeMethodAccessorImpl.invoke(Unknown Source)
	at sun.reflect.DelegatingMethodAccessorImpl.invoke(Unknown Source)
	at java.lang.reflect.Method.invoke(Unknown Source)
	at org.testng.internal.MethodInvocationHelper.invokeMethod(MethodInvocationHelper.java:80)
	at org.testng.internal.Invoker.invokeMethod(Invoker.java:714)
	at org.testng.internal.Invoker.invokeTestMethod(Invoker.java:901)
	at org.testng.internal.Invoker.invokeTestMethods(Invoker.java:1231)
	at org.testng.internal.TestMethodWorker.invokeTestMethods(TestMethodWorker.java:127)
	at org.testng.internal.TestMethodWorker.run(TestMethodWorker.java:111)
	at org.testng.TestRunner.privateRun(TestRunner.java:767)
	at org.testng.TestRunner.run(TestRunner.java:617)
	at org.testng.SuiteRunner.runTest(SuiteRunner.java:334)
	at org.testng.SuiteRunner.runSequentially(SuiteRunner.java:329)
	at org.testng.SuiteRunner.privateRun(SuiteRunner.java:291)
	at org.testng.SuiteRunner.run(SuiteRunner.java:240)
	at org.testng.SuiteRunnerWorker.runSuite(SuiteRunnerWorker.java:52)
	at org.testng.SuiteRunnerWorker.run(SuiteRunnerWorker.java:86)
	at org.testng.TestNG.runSuitesSequentially(TestNG.java:1198)
	at org.testng.TestNG.runSuitesLocally(TestNG.java:1123)
	at org.testng.TestNG.run(TestNG.java:1031)
	at org.testng.remote.AbstractRemoteTestNG.run(AbstractRemoteTestNG.java:114)
	at org.testng.remote.RemoteTestNG.initAndRun(RemoteTestNG.java:251)
	at org.testng.remote.RemoteTestNG.main(RemoteTestNG.java:77)
]]>
            </full-stacktrace>
          </exception> <!-- org.openqa.selenium.ElementNotVisibleException -->
          <reporter-output>
          </reporter-output>
        </test-method> <!-- testSignIn -->
        <test-method status="FAIL" signature="testSignIn(java.lang.String, java.lang.String, java.lang.String, java.lang.String, java.lang.String, java.lang.String, java.lang.String, java.lang.String)[pri:0, instance:com.prod.testcases.EstimateTestCase@2f686d1f]" name="testSignIn" duration-ms="56084" started-at="2018-06-28T12:29:03Z" data-provider="estimateDetails" finished-at="2018-06-28T12:29:59Z">
          <params>
            <param index="0">
              <value>
                <![CDATA[Solid Wood Shaker]]>
              </value>
            </param>
            <param index="1">
              <value>
                <![CDATA[Red Oak Solid Wood Shaker]]>
              </value>
            </param>
            <param index="2">
              <value>
                <![CDATA[None]]>
              </value>
            </param>
            <param index="3">
              <value>
                <![CDATA[Doors]]>
              </value>
            </param>
            <param index="4">
              <value>
                <![CDATA[15x20 corner]]>
              </value>
            </param>
            <param index="5">
              <value>
                <![CDATA[1]]>
              </value>
            </param>
            <param index="6">
              <value>
                <![CDATA[15]]>
              </value>
            </param>
            <param index="7">
              <value>
                <![CDATA[20]]>
              </value>
            </param>
          </params>
          <exception class="org.openqa.selenium.NoSuchElementException">
            <message>
              <![CDATA[no such element: Unable to locate element: {"method":"xpath","selector":".//*[@id='div-materials-parts']/div[3]/div/div[3]/table/tbody/tr[2]/td[2]/div/select"}
  (Session info: chrome=67.0.3396.99)
  (Driver info: chromedriver=2.38.552522 (437e6fbedfa8762dec75e2c5b3ddb86763dc9dcb),platform=Windows NT 10.0.16299 x86_64) (WARNING: The server did not provide any stacktrace information)
Command duration or timeout: 65 milliseconds
For documentation on this error, please visit: http://seleniumhq.org/exceptions/no_such_element.html
Build info: version: '2.40.0', revision: '4c5c0568b004f67810ee41c459549aa4b09c651e', time: '2014-02-19 11:13:01'
System info: host: 'DESKTOP-BADJCCG', ip: '169.254.90.145', os.name: 'Windows 10', os.arch: 'amd64', os.version: '10.0', java.version: '1.8.0_161'
Driver info: org.openqa.selenium.chrome.ChromeDriver
Capabilities [{applicationCacheEnabled=false, rotatable=false, mobileEmulationEnabled=false, networkConnectionEnabled=false, chrome={chromedriverVersion=2.38.552522 (437e6fbedfa8762dec75e2c5b3ddb86763dc9dcb), userDataDir=C:\Users\vijay\AppData\Local\Temp\scoped_dir13108_4095}, takesHeapSnapshot=true, pageLoadStrategy=normal, databaseEnabled=false, handlesAlerts=true, hasTouchScreen=false, version=67.0.3396.99, platform=XP, browserConnectionEnabled=false, nativeEvents=true, acceptSslCerts=false, acceptInsecureCerts=false, locationContextEnabled=true, webStorageEnabled=true, browserName=chrome, takesScreenshot=true, javascriptEnabled=true, cssSelectorsEnabled=true, setWindowRect=true, unexpectedAlertBehaviour=}]
Session ID: 1bd7fd8f6ba36cb4319f98b36670891b]]>
            </message>
            <full-stacktrace>
              <![CDATA[org.openqa.selenium.NoSuchElementException: no such element: Unable to locate element: {"method":"xpath","selector":".//*[@id='div-materials-parts']/div[3]/div/div[3]/table/tbody/tr[2]/td[2]/div/select"}
  (Session info: chrome=67.0.3396.99)
  (Driver info: chromedriver=2.38.552522 (437e6fbedfa8762dec75e2c5b3ddb86763dc9dcb),platform=Windows NT 10.0.16299 x86_64) (WARNING: The server did not provide any stacktrace information)
Command duration or timeout: 65 milliseconds
For documentation on this error, please visit: http://seleniumhq.org/exceptions/no_such_element.html
Build info: version: '2.40.0', revision: '4c5c0568b004f67810ee41c459549aa4b09c651e', time: '2014-02-19 11:13:01'
System info: host: 'DESKTOP-BADJCCG', ip: '169.254.90.145', os.name: 'Windows 10', os.arch: 'amd64', os.version: '10.0', java.version: '1.8.0_161'
Driver info: org.openqa.selenium.chrome.ChromeDriver
Capabilities [{applicationCacheEnabled=false, rotatable=false, mobileEmulationEnabled=false, networkConnectionEnabled=false, chrome={chromedriverVersion=2.38.552522 (437e6fbedfa8762dec75e2c5b3ddb86763dc9dcb), userDataDir=C:\Users\vijay\AppData\Local\Temp\scoped_dir13108_4095}, takesHeapSnapshot=true, pageLoadStrategy=normal, databaseEnabled=false, handlesAlerts=true, hasTouchScreen=false, version=67.0.3396.99, platform=XP, browserConnectionEnabled=false, nativeEvents=true, acceptSslCerts=false, acceptInsecureCerts=false, locationContextEnabled=true, webStorageEnabled=true, browserName=chrome, takesScreenshot=true, javascriptEnabled=true, cssSelectorsEnabled=true, setWindowRect=true, unexpectedAlertBehaviour=}]
Session ID: 1bd7fd8f6ba36cb4319f98b36670891b
	at sun.reflect.NativeConstructorAccessorImpl.newInstance0(Native Method)
	at sun.reflect.NativeConstructorAccessorImpl.newInstance(Unknown Source)
	at sun.reflect.DelegatingConstructorAccessorImpl.newInstance(Unknown Source)
	at java.lang.reflect.Constructor.newInstance(Unknown Source)
	at org.openqa.selenium.remote.ErrorHandler.createThrowable(ErrorHandler.java:193)
	at org.openqa.selenium.remote.ErrorHandler.throwIfResponseFailed(ErrorHandler.java:145)
	at org.openqa.selenium.remote.RemoteWebDriver.execute(RemoteWebDriver.java:573)
	at org.openqa.selenium.remote.RemoteWebDriver.findElement(RemoteWebDriver.java:326)
	at org.openqa.selenium.remote.RemoteWebDriver.findElementByXPath(RemoteWebDriver.java:423)
	at org.openqa.selenium.By$ByXPath.findElement(By.java:357)
	at org.openqa.selenium.remote.RemoteWebDriver.findElement(RemoteWebDriver.java:318)
	at com.prod.estimate.CategoryPage.estimsteProcess(CategoryPage.java:81)
	at com.prod.testcases.EstimateTestCase.testSignIn(EstimateTestCase.java:83)
	at sun.reflect.NativeMethodAccessorImpl.invoke0(Native Method)
	at sun.reflect.NativeMethodAccessorImpl.invoke(Unknown Source)
	at sun.reflect.DelegatingMethodAccessorImpl.invoke(Unknown Source)
	at java.lang.reflect.Method.invoke(Unknown Source)
	at org.testng.internal.MethodInvocationHelper.invokeMethod(MethodInvocationHelper.java:80)
	at org.testng.internal.Invoker.invokeMethod(Invoker.java:714)
	at org.testng.internal.Invoker.invokeTestMethod(Invoker.java:901)
	at org.testng.internal.Invoker.invokeTestMethods(Invoker.java:1231)
	at org.testng.internal.TestMethodWorker.invokeTestMethods(TestMethodWorker.java:127)
	at org.testng.internal.TestMethodWorker.run(TestMethodWorker.java:111)
	at org.testng.TestRunner.privateRun(TestRunner.java:767)
	at org.testng.TestRunner.run(TestRunner.java:617)
	at org.testng.SuiteRunner.runTest(SuiteRunner.java:334)
	at org.testng.SuiteRunner.runSequentially(SuiteRunner.java:329)
	at org.testng.SuiteRunner.privateRun(SuiteRunner.java:291)
	at org.testng.SuiteRunner.run(SuiteRunner.java:240)
	at org.testng.SuiteRunnerWorker.runSuite(SuiteRunnerWorker.java:52)
	at org.testng.SuiteRunnerWorker.run(SuiteRunnerWorker.java:86)
	at org.testng.TestNG.runSuitesSequentially(TestNG.java:1198)
	at org.testng.TestNG.runSuitesLocally(TestNG.java:1123)
	at org.testng.TestNG.run(TestNG.java:1031)
	at org.testng.remote.AbstractRemoteTestNG.run(AbstractRemoteTestNG.java:114)
	at org.testng.remote.RemoteTestNG.initAndRun(RemoteTestNG.java:251)
	at org.testng.remote.RemoteTestNG.main(RemoteTestNG.java:77)
]]>
            </full-stacktrace>
          </exception> <!-- org.openqa.selenium.NoSuchElementException -->
          <reporter-output>
          </reporter-output>
        </test-method> <!-- testSignIn -->
        <test-method status="PASS" signature="testSignIn(java.lang.String, java.lang.String, java.lang.String, java.lang.String, java.lang.String, java.lang.String, java.lang.String, java.lang.String)[pri:0, instance:com.prod.testcases.EstimateTestCase@2f686d1f]" name="testSignIn" duration-ms="79811" started-at="2018-06-28T12:29:59Z" data-provider="estimateDetails" finished-at="2018-06-28T12:31:19Z">
          <params>
            <param index="0">
              <value>
                <![CDATA[Solid Wood Shaker]]>
              </value>
            </param>
            <param index="1">
              <value>
                <![CDATA[Red Oak Solid Wood Shaker]]>
              </value>
            </param>
            <param index="2">
              <value>
                <![CDATA[None]]>
              </value>
            </param>
            <param index="3">
              <value>
                <![CDATA[Doors]]>
              </value>
            </param>
            <param index="4">
              <value>
                <![CDATA[15x20 pull out]]>
              </value>
            </param>
            <param index="5">
              <value>
                <![CDATA[1]]>
              </value>
            </param>
            <param index="6">
              <value>
                <![CDATA[15]]>
              </value>
            </param>
            <param index="7">
              <value>
                <![CDATA[20]]>
              </value>
            </param>
          </params>
          <reporter-output>
          </reporter-output>
        </test-method> <!-- testSignIn -->
        <test-method status="FAIL" signature="testSignIn(java.lang.String, java.lang.String, java.lang.String, java.lang.String, java.lang.String, java.lang.String, java.lang.String, java.lang.String)[pri:0, instance:com.prod.testcases.EstimateTestCase@2f686d1f]" name="testSignIn" duration-ms="60834" started-at="2018-06-28T12:31:19Z" data-provider="estimateDetails" finished-at="2018-06-28T12:32:20Z">
          <params>
            <param index="0">
              <value>
                <![CDATA[Solid Wood Shaker]]>
              </value>
            </param>
            <param index="1">
              <value>
                <![CDATA[Red Oak Solid Wood Shaker]]>
              </value>
            </param>
            <param index="2">
              <value>
                <![CDATA[None]]>
              </value>
            </param>
            <param index="3">
              <value>
                <![CDATA[Doors]]>
              </value>
            </param>
            <param index="4">
              <value>
                <![CDATA[15x30 corner]]>
              </value>
            </param>
            <param index="5">
              <value>
                <![CDATA[1]]>
              </value>
            </param>
            <param index="6">
              <value>
                <![CDATA[15]]>
              </value>
            </param>
            <param index="7">
              <value>
                <![CDATA[30]]>
              </value>
            </param>
          </params>
          <exception class="org.openqa.selenium.NoSuchElementException">
            <message>
              <![CDATA[no such element: Unable to locate element: {"method":"xpath","selector":".//*[@id='div-materials-parts']/div[3]/div/div[3]/table/tbody/tr[2]/td[5]/div/select/option[text() = '15x30 corner' ]"}
  (Session info: chrome=67.0.3396.99)
  (Driver info: chromedriver=2.38.552522 (437e6fbedfa8762dec75e2c5b3ddb86763dc9dcb),platform=Windows NT 10.0.16299 x86_64) (WARNING: The server did not provide any stacktrace information)
Command duration or timeout: 45 milliseconds
For documentation on this error, please visit: http://seleniumhq.org/exceptions/no_such_element.html
Build info: version: '2.40.0', revision: '4c5c0568b004f67810ee41c459549aa4b09c651e', time: '2014-02-19 11:13:01'
System info: host: 'DESKTOP-BADJCCG', ip: '169.254.90.145', os.name: 'Windows 10', os.arch: 'amd64', os.version: '10.0', java.version: '1.8.0_161'
Driver info: org.openqa.selenium.chrome.ChromeDriver
Capabilities [{applicationCacheEnabled=false, rotatable=false, mobileEmulationEnabled=false, networkConnectionEnabled=false, chrome={chromedriverVersion=2.38.552522 (437e6fbedfa8762dec75e2c5b3ddb86763dc9dcb), userDataDir=C:\Users\vijay\AppData\Local\Temp\scoped_dir13108_4095}, takesHeapSnapshot=true, pageLoadStrategy=normal, databaseEnabled=false, handlesAlerts=true, hasTouchScreen=false, version=67.0.3396.99, platform=XP, browserConnectionEnabled=false, nativeEvents=true, acceptSslCerts=false, acceptInsecureCerts=false, locationContextEnabled=true, webStorageEnabled=true, browserName=chrome, takesScreenshot=true, javascriptEnabled=true, cssSelectorsEnabled=true, setWindowRect=true, unexpectedAlertBehaviour=}]
Session ID: 1bd7fd8f6ba36cb4319f98b36670891b]]>
            </message>
            <full-stacktrace>
              <![CDATA[org.openqa.selenium.NoSuchElementException: no such element: Unable to locate element: {"method":"xpath","selector":".//*[@id='div-materials-parts']/div[3]/div/div[3]/table/tbody/tr[2]/td[5]/div/select/option[text() = '15x30 corner' ]"}
  (Session info: chrome=67.0.3396.99)
  (Driver info: chromedriver=2.38.552522 (437e6fbedfa8762dec75e2c5b3ddb86763dc9dcb),platform=Windows NT 10.0.16299 x86_64) (WARNING: The server did not provide any stacktrace information)
Command duration or timeout: 45 milliseconds
For documentation on this error, please visit: http://seleniumhq.org/exceptions/no_such_element.html
Build info: version: '2.40.0', revision: '4c5c0568b004f67810ee41c459549aa4b09c651e', time: '2014-02-19 11:13:01'
System info: host: 'DESKTOP-BADJCCG', ip: '169.254.90.145', os.name: 'Windows 10', os.arch: 'amd64', os.version: '10.0', java.version: '1.8.0_161'
Driver info: org.openqa.selenium.chrome.ChromeDriver
Capabilities [{applicationCacheEnabled=false, rotatable=false, mobileEmulationEnabled=false, networkConnectionEnabled=false, chrome={chromedriverVersion=2.38.552522 (437e6fbedfa8762dec75e2c5b3ddb86763dc9dcb), userDataDir=C:\Users\vijay\AppData\Local\Temp\scoped_dir13108_4095}, takesHeapSnapshot=true, pageLoadStrategy=normal, databaseEnabled=false, handlesAlerts=true, hasTouchScreen=false, version=67.0.3396.99, platform=XP, browserConnectionEnabled=false, nativeEvents=true, acceptSslCerts=false, acceptInsecureCerts=false, locationContextEnabled=true, webStorageEnabled=true, browserName=chrome, takesScreenshot=true, javascriptEnabled=true, cssSelectorsEnabled=true, setWindowRect=true, unexpectedAlertBehaviour=}]
Session ID: 1bd7fd8f6ba36cb4319f98b36670891b
	at sun.reflect.NativeConstructorAccessorImpl.newInstance0(Native Method)
	at sun.reflect.NativeConstructorAccessorImpl.newInstance(Unknown Source)
	at sun.reflect.DelegatingConstructorAccessorImpl.newInstance(Unknown Source)
	at java.lang.reflect.Constructor.newInstance(Unknown Source)
	at org.openqa.selenium.remote.ErrorHandler.createThrowable(ErrorHandler.java:193)
	at org.openqa.selenium.remote.ErrorHandler.throwIfResponseFailed(ErrorHandler.java:145)
	at org.openqa.selenium.remote.RemoteWebDriver.execute(RemoteWebDriver.java:573)
	at org.openqa.selenium.remote.RemoteWebDriver.findElement(RemoteWebDriver.java:326)
	at org.openqa.selenium.remote.RemoteWebDriver.findElementByXPath(RemoteWebDriver.java:423)
	at org.openqa.selenium.By$ByXPath.findElement(By.java:357)
	at org.openqa.selenium.remote.RemoteWebDriver.findElement(RemoteWebDriver.java:318)
	at com.prod.estimate.CategoryPage.estimsteProcess(CategoryPage.java:120)
	at com.prod.testcases.EstimateTestCase.testSignIn(EstimateTestCase.java:83)
	at sun.reflect.NativeMethodAccessorImpl.invoke0(Native Method)
	at sun.reflect.NativeMethodAccessorImpl.invoke(Unknown Source)
	at sun.reflect.DelegatingMethodAccessorImpl.invoke(Unknown Source)
	at java.lang.reflect.Method.invoke(Unknown Source)
	at org.testng.internal.MethodInvocationHelper.invokeMethod(MethodInvocationHelper.java:80)
	at org.testng.internal.Invoker.invokeMethod(Invoker.java:714)
	at org.testng.internal.Invoker.invokeTestMethod(Invoker.java:901)
	at org.testng.internal.Invoker.invokeTestMethods(Invoker.java:1231)
	at org.testng.internal.TestMethodWorker.invokeTestMethods(TestMethodWorker.java:127)
	at org.testng.internal.TestMethodWorker.run(TestMethodWorker.java:111)
	at org.testng.TestRunner.privateRun(TestRunner.java:767)
	at org.testng.TestRunner.run(TestRunner.java:617)
	at org.testng.SuiteRunner.runTest(SuiteRunner.java:334)
	at org.testng.SuiteRunner.runSequentially(SuiteRunner.java:329)
	at org.testng.SuiteRunner.privateRun(SuiteRunner.java:291)
	at org.testng.SuiteRunner.run(SuiteRunner.java:240)
	at org.testng.SuiteRunnerWorker.runSuite(SuiteRunnerWorker.java:52)
	at org.testng.SuiteRunnerWorker.run(SuiteRunnerWorker.java:86)
	at org.testng.TestNG.runSuitesSequentially(TestNG.java:1198)
	at org.testng.TestNG.runSuitesLocally(TestNG.java:1123)
	at org.testng.TestNG.run(TestNG.java:1031)
	at org.testng.remote.AbstractRemoteTestNG.run(AbstractRemoteTestNG.java:114)
	at org.testng.remote.RemoteTestNG.initAndRun(RemoteTestNG.java:251)
	at org.testng.remote.RemoteTestNG.main(RemoteTestNG.java:77)
]]>
            </full-stacktrace>
          </exception> <!-- org.openqa.selenium.NoSuchElementException -->
          <reporter-output>
          </reporter-output>
        </test-method> <!-- testSignIn -->
        <test-method status="FAIL" signature="testSignIn(java.lang.String, java.lang.String, java.lang.String, java.lang.String, java.lang.String, java.lang.String, java.lang.String, java.lang.String)[pri:0, instance:com.prod.testcases.EstimateTestCase@2f686d1f]" name="testSignIn" duration-ms="38908" started-at="2018-06-28T12:32:20Z" data-provider="estimateDetails" finished-at="2018-06-28T12:32:59Z">
          <params>
            <param index="0">
              <value>
                <![CDATA[Solid Wood Shaker]]>
              </value>
            </param>
            <param index="1">
              <value>
                <![CDATA[Red Oak Solid Wood Shaker]]>
              </value>
            </param>
            <param index="2">
              <value>
                <![CDATA[None]]>
              </value>
            </param>
            <param index="3">
              <value>
                <![CDATA[Doors]]>
              </value>
            </param>
            <param index="4">
              <value>
                <![CDATA[15x30 pull out]]>
              </value>
            </param>
            <param index="5">
              <value>
                <![CDATA[1]]>
              </value>
            </param>
            <param index="6">
              <value>
                <![CDATA[15]]>
              </value>
            </param>
            <param index="7">
              <value>
                <![CDATA[30]]>
              </value>
            </param>
          </params>
          <exception class="org.openqa.selenium.WebDriverException">
            <message>
              <![CDATA[unknown error: Element <div class="select_wrap">...</div> is not clickable at point (357, 594). Other element would receive the click: <td>...</td>
  (Session info: chrome=67.0.3396.99)
  (Driver info: chromedriver=2.38.552522 (437e6fbedfa8762dec75e2c5b3ddb86763dc9dcb),platform=Windows NT 10.0.16299 x86_64) (WARNING: The server did not provide any stacktrace information)
Command duration or timeout: 61 milliseconds
Build info: version: '2.40.0', revision: '4c5c0568b004f67810ee41c459549aa4b09c651e', time: '2014-02-19 11:13:01'
System info: host: 'DESKTOP-BADJCCG', ip: '169.254.90.145', os.name: 'Windows 10', os.arch: 'amd64', os.version: '10.0', java.version: '1.8.0_161'
Driver info: org.openqa.selenium.chrome.ChromeDriver
Capabilities [{applicationCacheEnabled=false, rotatable=false, mobileEmulationEnabled=false, networkConnectionEnabled=false, chrome={chromedriverVersion=2.38.552522 (437e6fbedfa8762dec75e2c5b3ddb86763dc9dcb), userDataDir=C:\Users\vijay\AppData\Local\Temp\scoped_dir13108_4095}, takesHeapSnapshot=true, pageLoadStrategy=normal, databaseEnabled=false, handlesAlerts=true, hasTouchScreen=false, version=67.0.3396.99, platform=XP, browserConnectionEnabled=false, nativeEvents=true, acceptSslCerts=false, acceptInsecureCerts=false, locationContextEnabled=true, webStorageEnabled=true, browserName=chrome, takesScreenshot=true, javascriptEnabled=true, cssSelectorsEnabled=true, setWindowRect=true, unexpectedAlertBehaviour=}]
Session ID: 1bd7fd8f6ba36cb4319f98b36670891b]]>
            </message>
            <full-stacktrace>
              <![CDATA[org.openqa.selenium.WebDriverException: unknown error: Element <div class="select_wrap">...</div> is not clickable at point (357, 594). Other element would receive the click: <td>...</td>
  (Session info: chrome=67.0.3396.99)
  (Driver info: chromedriver=2.38.552522 (437e6fbedfa8762dec75e2c5b3ddb86763dc9dcb),platform=Windows NT 10.0.16299 x86_64) (WARNING: The server did not provide any stacktrace information)
Command duration or timeout: 61 milliseconds
Build info: version: '2.40.0', revision: '4c5c0568b004f67810ee41c459549aa4b09c651e', time: '2014-02-19 11:13:01'
System info: host: 'DESKTOP-BADJCCG', ip: '169.254.90.145', os.name: 'Windows 10', os.arch: 'amd64', os.version: '10.0', java.version: '1.8.0_161'
Driver info: org.openqa.selenium.chrome.ChromeDriver
Capabilities [{applicationCacheEnabled=false, rotatable=false, mobileEmulationEnabled=false, networkConnectionEnabled=false, chrome={chromedriverVersion=2.38.552522 (437e6fbedfa8762dec75e2c5b3ddb86763dc9dcb), userDataDir=C:\Users\vijay\AppData\Local\Temp\scoped_dir13108_4095}, takesHeapSnapshot=true, pageLoadStrategy=normal, databaseEnabled=false, handlesAlerts=true, hasTouchScreen=false, version=67.0.3396.99, platform=XP, browserConnectionEnabled=false, nativeEvents=true, acceptSslCerts=false, acceptInsecureCerts=false, locationContextEnabled=true, webStorageEnabled=true, browserName=chrome, takesScreenshot=true, javascriptEnabled=true, cssSelectorsEnabled=true, setWindowRect=true, unexpectedAlertBehaviour=}]
Session ID: 1bd7fd8f6ba36cb4319f98b36670891b
	at sun.reflect.NativeConstructorAccessorImpl.newInstance0(Native Method)
	at sun.reflect.NativeConstructorAccessorImpl.newInstance(Unknown Source)
	at sun.reflect.DelegatingConstructorAccessorImpl.newInstance(Unknown Source)
	at java.lang.reflect.Constructor.newInstance(Unknown Source)
	at org.openqa.selenium.remote.ErrorHandler.createThrowable(ErrorHandler.java:193)
	at org.openqa.selenium.remote.ErrorHandler.throwIfResponseFailed(ErrorHandler.java:145)
	at org.openqa.selenium.remote.RemoteWebDriver.execute(RemoteWebDriver.java:573)
	at org.openqa.selenium.remote.RemoteWebElement.execute(RemoteWebElement.java:268)
	at org.openqa.selenium.remote.RemoteWebElement.click(RemoteWebElement.java:79)
	at com.prod.estimate.CategoryPage.estimsteProcess(CategoryPage.java:90)
	at com.prod.testcases.EstimateTestCase.testSignIn(EstimateTestCase.java:83)
	at sun.reflect.NativeMethodAccessorImpl.invoke0(Native Method)
	at sun.reflect.NativeMethodAccessorImpl.invoke(Unknown Source)
	at sun.reflect.DelegatingMethodAccessorImpl.invoke(Unknown Source)
	at java.lang.reflect.Method.invoke(Unknown Source)
	at org.testng.internal.MethodInvocationHelper.invokeMethod(MethodInvocationHelper.java:80)
	at org.testng.internal.Invoker.invokeMethod(Invoker.java:714)
	at org.testng.internal.Invoker.invokeTestMethod(Invoker.java:901)
	at org.testng.internal.Invoker.invokeTestMethods(Invoker.java:1231)
	at org.testng.internal.TestMethodWorker.invokeTestMethods(TestMethodWorker.java:127)
	at org.testng.internal.TestMethodWorker.run(TestMethodWorker.java:111)
	at org.testng.TestRunner.privateRun(TestRunner.java:767)
	at org.testng.TestRunner.run(TestRunner.java:617)
	at org.testng.SuiteRunner.runTest(SuiteRunner.java:334)
	at org.testng.SuiteRunner.runSequentially(SuiteRunner.java:329)
	at org.testng.SuiteRunner.privateRun(SuiteRunner.java:291)
	at org.testng.SuiteRunner.run(SuiteRunner.java:240)
	at org.testng.SuiteRunnerWorker.runSuite(SuiteRunnerWorker.java:52)
	at org.testng.SuiteRunnerWorker.run(SuiteRunnerWorker.java:86)
	at org.testng.TestNG.runSuitesSequentially(TestNG.java:1198)
	at org.testng.TestNG.runSuitesLocally(TestNG.java:1123)
	at org.testng.TestNG.run(TestNG.java:1031)
	at org.testng.remote.AbstractRemoteTestNG.run(AbstractRemoteTestNG.java:114)
	at org.testng.remote.RemoteTestNG.initAndRun(RemoteTestNG.java:251)
	at org.testng.remote.RemoteTestNG.main(RemoteTestNG.java:77)
]]>
            </full-stacktrace>
          </exception> <!-- org.openqa.selenium.WebDriverException -->
          <reporter-output>
          </reporter-output>
        </test-method> <!-- testSignIn -->
        <test-method status="PASS" signature="testSignIn(java.lang.String, java.lang.String, java.lang.String, java.lang.String, java.lang.String, java.lang.String, java.lang.String, java.lang.String)[pri:0, instance:com.prod.testcases.EstimateTestCase@2f686d1f]" name="testSignIn" duration-ms="77314" started-at="2018-06-28T12:32:59Z" data-provider="estimateDetails" finished-at="2018-06-28T12:34:16Z">
          <params>
            <param index="0">
              <value>
                <![CDATA[Solid Wood Shaker]]>
              </value>
            </param>
            <param index="1">
              <value>
                <![CDATA[Red Oak Solid Wood Shaker]]>
              </value>
            </param>
            <param index="2">
              <value>
                <![CDATA[None]]>
              </value>
            </param>
            <param index="3">
              <value>
                <![CDATA[Doors]]>
              </value>
            </param>
            <param index="4">
              <value>
                <![CDATA[15x30]]>
              </value>
            </param>
            <param index="5">
              <value>
                <![CDATA[1]]>
              </value>
            </param>
            <param index="6">
              <value>
                <![CDATA[15]]>
              </value>
            </param>
            <param index="7">
              <value>
                <![CDATA[30]]>
              </value>
            </param>
          </params>
          <reporter-output>
          </reporter-output>
        </test-method> <!-- testSignIn -->
        <test-method status="PASS" signature="testSignIn(java.lang.String, java.lang.String, java.lang.String, java.lang.String, java.lang.String, java.lang.String, java.lang.String, java.lang.String)[pri:0, instance:com.prod.testcases.EstimateTestCase@2f686d1f]" name="testSignIn" duration-ms="97693" started-at="2018-06-28T12:34:16Z" data-provider="estimateDetails" finished-at="2018-06-28T12:35:54Z">
          <params>
            <param index="0">
              <value>
                <![CDATA[Solid Wood Shaker]]>
              </value>
            </param>
            <param index="1">
              <value>
                <![CDATA[Red Oak Solid Wood Shaker]]>
              </value>
            </param>
            <param index="2">
              <value>
                <![CDATA[None]]>
              </value>
            </param>
            <param index="3">
              <value>
                <![CDATA[Doors]]>
              </value>
            </param>
            <param index="4">
              <value>
                <![CDATA[15x40]]>
              </value>
            </param>
            <param index="5">
              <value>
                <![CDATA[1]]>
              </value>
            </param>
            <param index="6">
              <value>
                <![CDATA[15]]>
              </value>
            </param>
            <param index="7">
              <value>
                <![CDATA[40]]>
              </value>
            </param>
          </params>
          <reporter-output>
          </reporter-output>
        </test-method> <!-- testSignIn -->
        <test-method status="FAIL" signature="testSignIn(java.lang.String, java.lang.String, java.lang.String, java.lang.String, java.lang.String, java.lang.String, java.lang.String, java.lang.String)[pri:0, instance:com.prod.testcases.EstimateTestCase@2f686d1f]" name="testSignIn" duration-ms="136063" started-at="2018-06-28T12:35:54Z" data-provider="estimateDetails" finished-at="2018-06-28T12:38:10Z">
          <params>
            <param index="0">
              <value>
                <![CDATA[Solid Wood Shaker]]>
              </value>
            </param>
            <param index="1">
              <value>
                <![CDATA[Red Oak Solid Wood Shaker]]>
              </value>
            </param>
            <param index="2">
              <value>
                <![CDATA[None]]>
              </value>
            </param>
            <param index="3">
              <value>
                <![CDATA[Doors]]>
              </value>
            </param>
            <param index="4">
              <value>
                <![CDATA[15x40 corner]]>
              </value>
            </param>
            <param index="5">
              <value>
                <![CDATA[1]]>
              </value>
            </param>
            <param index="6">
              <value>
                <![CDATA[15]]>
              </value>
            </param>
            <param index="7">
              <value>
                <![CDATA[40]]>
              </value>
            </param>
          </params>
          <exception class="org.openqa.selenium.ElementNotVisibleException">
            <message>
              <![CDATA[element not visible
  (Session info: chrome=67.0.3396.99)
  (Driver info: chromedriver=2.38.552522 (437e6fbedfa8762dec75e2c5b3ddb86763dc9dcb),platform=Windows NT 10.0.16299 x86_64) (WARNING: The server did not provide any stacktrace information)
Command duration or timeout: 24 milliseconds
Build info: version: '2.40.0', revision: '4c5c0568b004f67810ee41c459549aa4b09c651e', time: '2014-02-19 11:13:01'
System info: host: 'DESKTOP-BADJCCG', ip: '169.254.90.145', os.name: 'Windows 10', os.arch: 'amd64', os.version: '10.0', java.version: '1.8.0_161'
Driver info: org.openqa.selenium.chrome.ChromeDriver
Capabilities [{applicationCacheEnabled=false, rotatable=false, mobileEmulationEnabled=false, networkConnectionEnabled=false, chrome={chromedriverVersion=2.38.552522 (437e6fbedfa8762dec75e2c5b3ddb86763dc9dcb), userDataDir=C:\Users\vijay\AppData\Local\Temp\scoped_dir13108_4095}, takesHeapSnapshot=true, pageLoadStrategy=normal, databaseEnabled=false, handlesAlerts=true, hasTouchScreen=false, version=67.0.3396.99, platform=XP, browserConnectionEnabled=false, nativeEvents=true, acceptSslCerts=false, acceptInsecureCerts=false, locationContextEnabled=true, webStorageEnabled=true, browserName=chrome, takesScreenshot=true, javascriptEnabled=true, cssSelectorsEnabled=true, setWindowRect=true, unexpectedAlertBehaviour=}]
Session ID: 1bd7fd8f6ba36cb4319f98b36670891b]]>
            </message>
            <full-stacktrace>
              <![CDATA[org.openqa.selenium.ElementNotVisibleException: element not visible
  (Session info: chrome=67.0.3396.99)
  (Driver info: chromedriver=2.38.552522 (437e6fbedfa8762dec75e2c5b3ddb86763dc9dcb),platform=Windows NT 10.0.16299 x86_64) (WARNING: The server did not provide any stacktrace information)
Command duration or timeout: 24 milliseconds
Build info: version: '2.40.0', revision: '4c5c0568b004f67810ee41c459549aa4b09c651e', time: '2014-02-19 11:13:01'
System info: host: 'DESKTOP-BADJCCG', ip: '169.254.90.145', os.name: 'Windows 10', os.arch: 'amd64', os.version: '10.0', java.version: '1.8.0_161'
Driver info: org.openqa.selenium.chrome.ChromeDriver
Capabilities [{applicationCacheEnabled=false, rotatable=false, mobileEmulationEnabled=false, networkConnectionEnabled=false, chrome={chromedriverVersion=2.38.552522 (437e6fbedfa8762dec75e2c5b3ddb86763dc9dcb), userDataDir=C:\Users\vijay\AppData\Local\Temp\scoped_dir13108_4095}, takesHeapSnapshot=true, pageLoadStrategy=normal, databaseEnabled=false, handlesAlerts=true, hasTouchScreen=false, version=67.0.3396.99, platform=XP, browserConnectionEnabled=false, nativeEvents=true, acceptSslCerts=false, acceptInsecureCerts=false, locationContextEnabled=true, webStorageEnabled=true, browserName=chrome, takesScreenshot=true, javascriptEnabled=true, cssSelectorsEnabled=true, setWindowRect=true, unexpectedAlertBehaviour=}]
Session ID: 1bd7fd8f6ba36cb4319f98b36670891b
	at sun.reflect.NativeConstructorAccessorImpl.newInstance0(Native Method)
	at sun.reflect.NativeConstructorAccessorImpl.newInstance(Unknown Source)
	at sun.reflect.DelegatingConstructorAccessorImpl.newInstance(Unknown Source)
	at java.lang.reflect.Constructor.newInstance(Unknown Source)
	at org.openqa.selenium.remote.ErrorHandler.createThrowable(ErrorHandler.java:193)
	at org.openqa.selenium.remote.ErrorHandler.throwIfResponseFailed(ErrorHandler.java:145)
	at org.openqa.selenium.remote.RemoteWebDriver.execute(RemoteWebDriver.java:573)
	at org.openqa.selenium.remote.RemoteWebElement.execute(RemoteWebElement.java:268)
	at org.openqa.selenium.remote.RemoteWebElement.click(RemoteWebElement.java:79)
	at com.prod.estimate.CategoryPage.clickOnUnfinish(CategoryPage.java:384)
	at com.prod.estimate.CategoryPage.estimsteProcess(CategoryPage.java:217)
	at com.prod.testcases.EstimateTestCase.testSignIn(EstimateTestCase.java:83)
	at sun.reflect.NativeMethodAccessorImpl.invoke0(Native Method)
	at sun.reflect.NativeMethodAccessorImpl.invoke(Unknown Source)
	at sun.reflect.DelegatingMethodAccessorImpl.invoke(Unknown Source)
	at java.lang.reflect.Method.invoke(Unknown Source)
	at org.testng.internal.MethodInvocationHelper.invokeMethod(MethodInvocationHelper.java:80)
	at org.testng.internal.Invoker.invokeMethod(Invoker.java:714)
	at org.testng.internal.Invoker.invokeTestMethod(Invoker.java:901)
	at org.testng.internal.Invoker.invokeTestMethods(Invoker.java:1231)
	at org.testng.internal.TestMethodWorker.invokeTestMethods(TestMethodWorker.java:127)
	at org.testng.internal.TestMethodWorker.run(TestMethodWorker.java:111)
	at org.testng.TestRunner.privateRun(TestRunner.java:767)
	at org.testng.TestRunner.run(TestRunner.java:617)
	at org.testng.SuiteRunner.runTest(SuiteRunner.java:334)
	at org.testng.SuiteRunner.runSequentially(SuiteRunner.java:329)
	at org.testng.SuiteRunner.privateRun(SuiteRunner.java:291)
	at org.testng.SuiteRunner.run(SuiteRunner.java:240)
	at org.testng.SuiteRunnerWorker.runSuite(SuiteRunnerWorker.java:52)
	at org.testng.SuiteRunnerWorker.run(SuiteRunnerWorker.java:86)
	at org.testng.TestNG.runSuitesSequentially(TestNG.java:1198)
	at org.testng.TestNG.runSuitesLocally(TestNG.java:1123)
	at org.testng.TestNG.run(TestNG.java:1031)
	at org.testng.remote.AbstractRemoteTestNG.run(AbstractRemoteTestNG.java:114)
	at org.testng.remote.RemoteTestNG.initAndRun(RemoteTestNG.java:251)
	at org.testng.remote.RemoteTestNG.main(RemoteTestNG.java:77)
]]>
            </full-stacktrace>
          </exception> <!-- org.openqa.selenium.ElementNotVisibleException -->
          <reporter-output>
          </reporter-output>
        </test-method> <!-- testSignIn -->
        <test-method status="FAIL" signature="testSignIn(java.lang.String, java.lang.String, java.lang.String, java.lang.String, java.lang.String, java.lang.String, java.lang.String, java.lang.String)[pri:0, instance:com.prod.testcases.EstimateTestCase@2f686d1f]" name="testSignIn" duration-ms="27964" started-at="2018-06-28T12:38:10Z" data-provider="estimateDetails" finished-at="2018-06-28T12:38:38Z">
          <params>
            <param index="0">
              <value>
                <![CDATA[Solid Wood Shaker]]>
              </value>
            </param>
            <param index="1">
              <value>
                <![CDATA[Red Oak Solid Wood Shaker]]>
              </value>
            </param>
            <param index="2">
              <value>
                <![CDATA[None]]>
              </value>
            </param>
            <param index="3">
              <value>
                <![CDATA[Doors]]>
              </value>
            </param>
            <param index="4">
              <value>
                <![CDATA[15x50]]>
              </value>
            </param>
            <param index="5">
              <value>
                <![CDATA[1]]>
              </value>
            </param>
            <param index="6">
              <value>
                <![CDATA[15]]>
              </value>
            </param>
            <param index="7">
              <value>
                <![CDATA[50]]>
              </value>
            </param>
          </params>
          <exception class="org.openqa.selenium.ElementNotVisibleException">
            <message>
              <![CDATA[element not visible
  (Session info: chrome=67.0.3396.99)
  (Driver info: chromedriver=2.38.552522 (437e6fbedfa8762dec75e2c5b3ddb86763dc9dcb),platform=Windows NT 10.0.16299 x86_64) (WARNING: The server did not provide any stacktrace information)
Command duration or timeout: 18 milliseconds
Build info: version: '2.40.0', revision: '4c5c0568b004f67810ee41c459549aa4b09c651e', time: '2014-02-19 11:13:01'
System info: host: 'DESKTOP-BADJCCG', ip: '169.254.90.145', os.name: 'Windows 10', os.arch: 'amd64', os.version: '10.0', java.version: '1.8.0_161'
Driver info: org.openqa.selenium.chrome.ChromeDriver
Capabilities [{applicationCacheEnabled=false, rotatable=false, mobileEmulationEnabled=false, networkConnectionEnabled=false, chrome={chromedriverVersion=2.38.552522 (437e6fbedfa8762dec75e2c5b3ddb86763dc9dcb), userDataDir=C:\Users\vijay\AppData\Local\Temp\scoped_dir13108_4095}, takesHeapSnapshot=true, pageLoadStrategy=normal, databaseEnabled=false, handlesAlerts=true, hasTouchScreen=false, version=67.0.3396.99, platform=XP, browserConnectionEnabled=false, nativeEvents=true, acceptSslCerts=false, acceptInsecureCerts=false, locationContextEnabled=true, webStorageEnabled=true, browserName=chrome, takesScreenshot=true, javascriptEnabled=true, cssSelectorsEnabled=true, setWindowRect=true, unexpectedAlertBehaviour=}]
Session ID: 1bd7fd8f6ba36cb4319f98b36670891b]]>
            </message>
            <full-stacktrace>
              <![CDATA[org.openqa.selenium.ElementNotVisibleException: element not visible
  (Session info: chrome=67.0.3396.99)
  (Driver info: chromedriver=2.38.552522 (437e6fbedfa8762dec75e2c5b3ddb86763dc9dcb),platform=Windows NT 10.0.16299 x86_64) (WARNING: The server did not provide any stacktrace information)
Command duration or timeout: 18 milliseconds
Build info: version: '2.40.0', revision: '4c5c0568b004f67810ee41c459549aa4b09c651e', time: '2014-02-19 11:13:01'
System info: host: 'DESKTOP-BADJCCG', ip: '169.254.90.145', os.name: 'Windows 10', os.arch: 'amd64', os.version: '10.0', java.version: '1.8.0_161'
Driver info: org.openqa.selenium.chrome.ChromeDriver
Capabilities [{applicationCacheEnabled=false, rotatable=false, mobileEmulationEnabled=false, networkConnectionEnabled=false, chrome={chromedriverVersion=2.38.552522 (437e6fbedfa8762dec75e2c5b3ddb86763dc9dcb), userDataDir=C:\Users\vijay\AppData\Local\Temp\scoped_dir13108_4095}, takesHeapSnapshot=true, pageLoadStrategy=normal, databaseEnabled=false, handlesAlerts=true, hasTouchScreen=false, version=67.0.3396.99, platform=XP, browserConnectionEnabled=false, nativeEvents=true, acceptSslCerts=false, acceptInsecureCerts=false, locationContextEnabled=true, webStorageEnabled=true, browserName=chrome, takesScreenshot=true, javascriptEnabled=true, cssSelectorsEnabled=true, setWindowRect=true, unexpectedAlertBehaviour=}]
Session ID: 1bd7fd8f6ba36cb4319f98b36670891b
	at sun.reflect.NativeConstructorAccessorImpl.newInstance0(Native Method)
	at sun.reflect.NativeConstructorAccessorImpl.newInstance(Unknown Source)
	at sun.reflect.DelegatingConstructorAccessorImpl.newInstance(Unknown Source)
	at java.lang.reflect.Constructor.newInstance(Unknown Source)
	at org.openqa.selenium.remote.ErrorHandler.createThrowable(ErrorHandler.java:193)
	at org.openqa.selenium.remote.ErrorHandler.throwIfResponseFailed(ErrorHandler.java:145)
	at org.openqa.selenium.remote.RemoteWebDriver.execute(RemoteWebDriver.java:573)
	at org.openqa.selenium.remote.RemoteWebElement.execute(RemoteWebElement.java:268)
	at org.openqa.selenium.remote.RemoteWebElement.click(RemoteWebElement.java:79)
	at com.prod.estimate.CategoryPage.estimsteProcess(CategoryPage.java:53)
	at com.prod.testcases.EstimateTestCase.testSignIn(EstimateTestCase.java:83)
	at sun.reflect.NativeMethodAccessorImpl.invoke0(Native Method)
	at sun.reflect.NativeMethodAccessorImpl.invoke(Unknown Source)
	at sun.reflect.DelegatingMethodAccessorImpl.invoke(Unknown Source)
	at java.lang.reflect.Method.invoke(Unknown Source)
	at org.testng.internal.MethodInvocationHelper.invokeMethod(MethodInvocationHelper.java:80)
	at org.testng.internal.Invoker.invokeMethod(Invoker.java:714)
	at org.testng.internal.Invoker.invokeTestMethod(Invoker.java:901)
	at org.testng.internal.Invoker.invokeTestMethods(Invoker.java:1231)
	at org.testng.internal.TestMethodWorker.invokeTestMethods(TestMethodWorker.java:127)
	at org.testng.internal.TestMethodWorker.run(TestMethodWorker.java:111)
	at org.testng.TestRunner.privateRun(TestRunner.java:767)
	at org.testng.TestRunner.run(TestRunner.java:617)
	at org.testng.SuiteRunner.runTest(SuiteRunner.java:334)
	at org.testng.SuiteRunner.runSequentially(SuiteRunner.java:329)
	at org.testng.SuiteRunner.privateRun(SuiteRunner.java:291)
	at org.testng.SuiteRunner.run(SuiteRunner.java:240)
	at org.testng.SuiteRunnerWorker.runSuite(SuiteRunnerWorker.java:52)
	at org.testng.SuiteRunnerWorker.run(SuiteRunnerWorker.java:86)
	at org.testng.TestNG.runSuitesSequentially(TestNG.java:1198)
	at org.testng.TestNG.runSuitesLocally(TestNG.java:1123)
	at org.testng.TestNG.run(TestNG.java:1031)
	at org.testng.remote.AbstractRemoteTestNG.run(AbstractRemoteTestNG.java:114)
	at org.testng.remote.RemoteTestNG.initAndRun(RemoteTestNG.java:251)
	at org.testng.remote.RemoteTestNG.main(RemoteTestNG.java:77)
]]>
            </full-stacktrace>
          </exception> <!-- org.openqa.selenium.ElementNotVisibleException -->
          <reporter-output>
          </reporter-output>
        </test-method> <!-- testSignIn -->
        <test-method status="FAIL" signature="testSignIn(java.lang.String, java.lang.String, java.lang.String, java.lang.String, java.lang.String, java.lang.String, java.lang.String, java.lang.String)[pri:0, instance:com.prod.testcases.EstimateTestCase@2f686d1f]" name="testSignIn" duration-ms="76687" started-at="2018-06-28T12:38:38Z" data-provider="estimateDetails" finished-at="2018-06-28T12:39:55Z">
          <params>
            <param index="0">
              <value>
                <![CDATA[Solid Wood Shaker]]>
              </value>
            </param>
            <param index="1">
              <value>
                <![CDATA[Red Oak Solid Wood Shaker]]>
              </value>
            </param>
            <param index="2">
              <value>
                <![CDATA[None]]>
              </value>
            </param>
            <param index="3">
              <value>
                <![CDATA[Doors]]>
              </value>
            </param>
            <param index="4">
              <value>
                <![CDATA[15x60]]>
              </value>
            </param>
            <param index="5">
              <value>
                <![CDATA[1]]>
              </value>
            </param>
            <param index="6">
              <value>
                <![CDATA[15]]>
              </value>
            </param>
            <param index="7">
              <value>
                <![CDATA[60]]>
              </value>
            </param>
          </params>
          <exception class="org.openqa.selenium.NoSuchElementException">
            <message>
              <![CDATA[no such element: Unable to locate element: {"method":"xpath","selector":".//*[@id='div-materials-parts']/div[3]/div/div[2]/div[1]/div"}
  (Session info: chrome=67.0.3396.99)
  (Driver info: chromedriver=2.38.552522 (437e6fbedfa8762dec75e2c5b3ddb86763dc9dcb),platform=Windows NT 10.0.16299 x86_64) (WARNING: The server did not provide any stacktrace information)
Command duration or timeout: 53 milliseconds
For documentation on this error, please visit: http://seleniumhq.org/exceptions/no_such_element.html
Build info: version: '2.40.0', revision: '4c5c0568b004f67810ee41c459549aa4b09c651e', time: '2014-02-19 11:13:01'
System info: host: 'DESKTOP-BADJCCG', ip: '169.254.90.145', os.name: 'Windows 10', os.arch: 'amd64', os.version: '10.0', java.version: '1.8.0_161'
Driver info: org.openqa.selenium.chrome.ChromeDriver
Capabilities [{applicationCacheEnabled=false, rotatable=false, mobileEmulationEnabled=false, networkConnectionEnabled=false, chrome={chromedriverVersion=2.38.552522 (437e6fbedfa8762dec75e2c5b3ddb86763dc9dcb), userDataDir=C:\Users\vijay\AppData\Local\Temp\scoped_dir13108_4095}, takesHeapSnapshot=true, pageLoadStrategy=normal, databaseEnabled=false, handlesAlerts=true, hasTouchScreen=false, version=67.0.3396.99, platform=XP, browserConnectionEnabled=false, nativeEvents=true, acceptSslCerts=false, acceptInsecureCerts=false, locationContextEnabled=true, webStorageEnabled=true, browserName=chrome, takesScreenshot=true, javascriptEnabled=true, cssSelectorsEnabled=true, setWindowRect=true, unexpectedAlertBehaviour=}]
Session ID: 1bd7fd8f6ba36cb4319f98b36670891b]]>
            </message>
            <full-stacktrace>
              <![CDATA[org.openqa.selenium.NoSuchElementException: no such element: Unable to locate element: {"method":"xpath","selector":".//*[@id='div-materials-parts']/div[3]/div/div[2]/div[1]/div"}
  (Session info: chrome=67.0.3396.99)
  (Driver info: chromedriver=2.38.552522 (437e6fbedfa8762dec75e2c5b3ddb86763dc9dcb),platform=Windows NT 10.0.16299 x86_64) (WARNING: The server did not provide any stacktrace information)
Command duration or timeout: 53 milliseconds
For documentation on this error, please visit: http://seleniumhq.org/exceptions/no_such_element.html
Build info: version: '2.40.0', revision: '4c5c0568b004f67810ee41c459549aa4b09c651e', time: '2014-02-19 11:13:01'
System info: host: 'DESKTOP-BADJCCG', ip: '169.254.90.145', os.name: 'Windows 10', os.arch: 'amd64', os.version: '10.0', java.version: '1.8.0_161'
Driver info: org.openqa.selenium.chrome.ChromeDriver
Capabilities [{applicationCacheEnabled=false, rotatable=false, mobileEmulationEnabled=false, networkConnectionEnabled=false, chrome={chromedriverVersion=2.38.552522 (437e6fbedfa8762dec75e2c5b3ddb86763dc9dcb), userDataDir=C:\Users\vijay\AppData\Local\Temp\scoped_dir13108_4095}, takesHeapSnapshot=true, pageLoadStrategy=normal, databaseEnabled=false, handlesAlerts=true, hasTouchScreen=false, version=67.0.3396.99, platform=XP, browserConnectionEnabled=false, nativeEvents=true, acceptSslCerts=false, acceptInsecureCerts=false, locationContextEnabled=true, webStorageEnabled=true, browserName=chrome, takesScreenshot=true, javascriptEnabled=true, cssSelectorsEnabled=true, setWindowRect=true, unexpectedAlertBehaviour=}]
Session ID: 1bd7fd8f6ba36cb4319f98b36670891b
	at sun.reflect.NativeConstructorAccessorImpl.newInstance0(Native Method)
	at sun.reflect.NativeConstructorAccessorImpl.newInstance(Unknown Source)
	at sun.reflect.DelegatingConstructorAccessorImpl.newInstance(Unknown Source)
	at java.lang.reflect.Constructor.newInstance(Unknown Source)
	at org.openqa.selenium.remote.ErrorHandler.createThrowable(ErrorHandler.java:193)
	at org.openqa.selenium.remote.ErrorHandler.throwIfResponseFailed(ErrorHandler.java:145)
	at org.openqa.selenium.remote.RemoteWebDriver.execute(RemoteWebDriver.java:573)
	at org.openqa.selenium.remote.RemoteWebDriver.findElement(RemoteWebDriver.java:326)
	at org.openqa.selenium.remote.RemoteWebDriver.findElementByXPath(RemoteWebDriver.java:423)
	at org.openqa.selenium.By$ByXPath.findElement(By.java:357)
	at org.openqa.selenium.remote.RemoteWebDriver.findElement(RemoteWebDriver.java:318)
	at com.prod.estimate.CategoryPage.estimsteProcess(CategoryPage.java:53)
	at com.prod.testcases.EstimateTestCase.testSignIn(EstimateTestCase.java:83)
	at sun.reflect.NativeMethodAccessorImpl.invoke0(Native Method)
	at sun.reflect.NativeMethodAccessorImpl.invoke(Unknown Source)
	at sun.reflect.DelegatingMethodAccessorImpl.invoke(Unknown Source)
	at java.lang.reflect.Method.invoke(Unknown Source)
	at org.testng.internal.MethodInvocationHelper.invokeMethod(MethodInvocationHelper.java:80)
	at org.testng.internal.Invoker.invokeMethod(Invoker.java:714)
	at org.testng.internal.Invoker.invokeTestMethod(Invoker.java:901)
	at org.testng.internal.Invoker.invokeTestMethods(Invoker.java:1231)
	at org.testng.internal.TestMethodWorker.invokeTestMethods(TestMethodWorker.java:127)
	at org.testng.internal.TestMethodWorker.run(TestMethodWorker.java:111)
	at org.testng.TestRunner.privateRun(TestRunner.java:767)
	at org.testng.TestRunner.run(TestRunner.java:617)
	at org.testng.SuiteRunner.runTest(SuiteRunner.java:334)
	at org.testng.SuiteRunner.runSequentially(SuiteRunner.java:329)
	at org.testng.SuiteRunner.privateRun(SuiteRunner.java:291)
	at org.testng.SuiteRunner.run(SuiteRunner.java:240)
	at org.testng.SuiteRunnerWorker.runSuite(SuiteRunnerWorker.java:52)
	at org.testng.SuiteRunnerWorker.run(SuiteRunnerWorker.java:86)
	at org.testng.TestNG.runSuitesSequentially(TestNG.java:1198)
	at org.testng.TestNG.runSuitesLocally(TestNG.java:1123)
	at org.testng.TestNG.run(TestNG.java:1031)
	at org.testng.remote.AbstractRemoteTestNG.run(AbstractRemoteTestNG.java:114)
	at org.testng.remote.RemoteTestNG.initAndRun(RemoteTestNG.java:251)
	at org.testng.remote.RemoteTestNG.main(RemoteTestNG.java:77)
]]>
            </full-stacktrace>
          </exception> <!-- org.openqa.selenium.NoSuchElementException -->
          <reporter-output>
          </reporter-output>
        </test-method> <!-- testSignIn -->
        <test-method status="FAIL" signature="testSignIn(java.lang.String, java.lang.String, java.lang.String, java.lang.String, java.lang.String, java.lang.String, java.lang.String, java.lang.String)[pri:0, instance:com.prod.testcases.EstimateTestCase@2f686d1f]" name="testSignIn" duration-ms="106691" started-at="2018-06-28T12:39:55Z" data-provider="estimateDetails" finished-at="2018-06-28T12:41:41Z">
          <params>
            <param index="0">
              <value>
                <![CDATA[Solid Wood Shaker]]>
              </value>
            </param>
            <param index="1">
              <value>
                <![CDATA[Red Oak Solid Wood Shaker]]>
              </value>
            </param>
            <param index="2">
              <value>
                <![CDATA[None]]>
              </value>
            </param>
            <param index="3">
              <value>
                <![CDATA[Doors]]>
              </value>
            </param>
            <param index="4">
              <value>
                <![CDATA[18x15]]>
              </value>
            </param>
            <param index="5">
              <value>
                <![CDATA[1]]>
              </value>
            </param>
            <param index="6">
              <value>
                <![CDATA[18]]>
              </value>
            </param>
            <param index="7">
              <value>
                <![CDATA[15]]>
              </value>
            </param>
          </params>
          <exception class="org.openqa.selenium.ElementNotVisibleException">
            <message>
              <![CDATA[element not visible
  (Session info: chrome=67.0.3396.99)
  (Driver info: chromedriver=2.38.552522 (437e6fbedfa8762dec75e2c5b3ddb86763dc9dcb),platform=Windows NT 10.0.16299 x86_64) (WARNING: The server did not provide any stacktrace information)
Command duration or timeout: 23 milliseconds
Build info: version: '2.40.0', revision: '4c5c0568b004f67810ee41c459549aa4b09c651e', time: '2014-02-19 11:13:01'
System info: host: 'DESKTOP-BADJCCG', ip: '169.254.90.145', os.name: 'Windows 10', os.arch: 'amd64', os.version: '10.0', java.version: '1.8.0_161'
Driver info: org.openqa.selenium.chrome.ChromeDriver
Capabilities [{applicationCacheEnabled=false, rotatable=false, mobileEmulationEnabled=false, networkConnectionEnabled=false, chrome={chromedriverVersion=2.38.552522 (437e6fbedfa8762dec75e2c5b3ddb86763dc9dcb), userDataDir=C:\Users\vijay\AppData\Local\Temp\scoped_dir13108_4095}, takesHeapSnapshot=true, pageLoadStrategy=normal, databaseEnabled=false, handlesAlerts=true, hasTouchScreen=false, version=67.0.3396.99, platform=XP, browserConnectionEnabled=false, nativeEvents=true, acceptSslCerts=false, acceptInsecureCerts=false, locationContextEnabled=true, webStorageEnabled=true, browserName=chrome, takesScreenshot=true, javascriptEnabled=true, cssSelectorsEnabled=true, setWindowRect=true, unexpectedAlertBehaviour=}]
Session ID: 1bd7fd8f6ba36cb4319f98b36670891b]]>
            </message>
            <full-stacktrace>
              <![CDATA[org.openqa.selenium.ElementNotVisibleException: element not visible
  (Session info: chrome=67.0.3396.99)
  (Driver info: chromedriver=2.38.552522 (437e6fbedfa8762dec75e2c5b3ddb86763dc9dcb),platform=Windows NT 10.0.16299 x86_64) (WARNING: The server did not provide any stacktrace information)
Command duration or timeout: 23 milliseconds
Build info: version: '2.40.0', revision: '4c5c0568b004f67810ee41c459549aa4b09c651e', time: '2014-02-19 11:13:01'
System info: host: 'DESKTOP-BADJCCG', ip: '169.254.90.145', os.name: 'Windows 10', os.arch: 'amd64', os.version: '10.0', java.version: '1.8.0_161'
Driver info: org.openqa.selenium.chrome.ChromeDriver
Capabilities [{applicationCacheEnabled=false, rotatable=false, mobileEmulationEnabled=false, networkConnectionEnabled=false, chrome={chromedriverVersion=2.38.552522 (437e6fbedfa8762dec75e2c5b3ddb86763dc9dcb), userDataDir=C:\Users\vijay\AppData\Local\Temp\scoped_dir13108_4095}, takesHeapSnapshot=true, pageLoadStrategy=normal, databaseEnabled=false, handlesAlerts=true, hasTouchScreen=false, version=67.0.3396.99, platform=XP, browserConnectionEnabled=false, nativeEvents=true, acceptSslCerts=false, acceptInsecureCerts=false, locationContextEnabled=true, webStorageEnabled=true, browserName=chrome, takesScreenshot=true, javascriptEnabled=true, cssSelectorsEnabled=true, setWindowRect=true, unexpectedAlertBehaviour=}]
Session ID: 1bd7fd8f6ba36cb4319f98b36670891b
	at sun.reflect.NativeConstructorAccessorImpl.newInstance0(Native Method)
	at sun.reflect.NativeConstructorAccessorImpl.newInstance(Unknown Source)
	at sun.reflect.DelegatingConstructorAccessorImpl.newInstance(Unknown Source)
	at java.lang.reflect.Constructor.newInstance(Unknown Source)
	at org.openqa.selenium.remote.ErrorHandler.createThrowable(ErrorHandler.java:193)
	at org.openqa.selenium.remote.ErrorHandler.throwIfResponseFailed(ErrorHandler.java:145)
	at org.openqa.selenium.remote.RemoteWebDriver.execute(RemoteWebDriver.java:573)
	at org.openqa.selenium.remote.RemoteWebElement.execute(RemoteWebElement.java:268)
	at org.openqa.selenium.remote.RemoteWebElement.click(RemoteWebElement.java:79)
	at com.prod.estimate.CategoryPage.clickOnUnfinish(CategoryPage.java:384)
	at com.prod.estimate.CategoryPage.estimsteProcess(CategoryPage.java:217)
	at com.prod.testcases.EstimateTestCase.testSignIn(EstimateTestCase.java:83)
	at sun.reflect.NativeMethodAccessorImpl.invoke0(Native Method)
	at sun.reflect.NativeMethodAccessorImpl.invoke(Unknown Source)
	at sun.reflect.DelegatingMethodAccessorImpl.invoke(Unknown Source)
	at java.lang.reflect.Method.invoke(Unknown Source)
	at org.testng.internal.MethodInvocationHelper.invokeMethod(MethodInvocationHelper.java:80)
	at org.testng.internal.Invoker.invokeMethod(Invoker.java:714)
	at org.testng.internal.Invoker.invokeTestMethod(Invoker.java:901)
	at org.testng.internal.Invoker.invokeTestMethods(Invoker.java:1231)
	at org.testng.internal.TestMethodWorker.invokeTestMethods(TestMethodWorker.java:127)
	at org.testng.internal.TestMethodWorker.run(TestMethodWorker.java:111)
	at org.testng.TestRunner.privateRun(TestRunner.java:767)
	at org.testng.TestRunner.run(TestRunner.java:617)
	at org.testng.SuiteRunner.runTest(SuiteRunner.java:334)
	at org.testng.SuiteRunner.runSequentially(SuiteRunner.java:329)
	at org.testng.SuiteRunner.privateRun(SuiteRunner.java:291)
	at org.testng.SuiteRunner.run(SuiteRunner.java:240)
	at org.testng.SuiteRunnerWorker.runSuite(SuiteRunnerWorker.java:52)
	at org.testng.SuiteRunnerWorker.run(SuiteRunnerWorker.java:86)
	at org.testng.TestNG.runSuitesSequentially(TestNG.java:1198)
	at org.testng.TestNG.runSuitesLocally(TestNG.java:1123)
	at org.testng.TestNG.run(TestNG.java:1031)
	at org.testng.remote.AbstractRemoteTestNG.run(AbstractRemoteTestNG.java:114)
	at org.testng.remote.RemoteTestNG.initAndRun(RemoteTestNG.java:251)
	at org.testng.remote.RemoteTestNG.main(RemoteTestNG.java:77)
]]>
            </full-stacktrace>
          </exception> <!-- org.openqa.selenium.ElementNotVisibleException -->
          <reporter-output>
          </reporter-output>
        </test-method> <!-- testSignIn -->
        <test-method status="FAIL" signature="testSignIn(java.lang.String, java.lang.String, java.lang.String, java.lang.String, java.lang.String, java.lang.String, java.lang.String, java.lang.String)[pri:0, instance:com.prod.testcases.EstimateTestCase@2f686d1f]" name="testSignIn" duration-ms="28142" started-at="2018-06-28T12:41:41Z" data-provider="estimateDetails" finished-at="2018-06-28T12:42:10Z">
          <params>
            <param index="0">
              <value>
                <![CDATA[Solid Wood Shaker]]>
              </value>
            </param>
            <param index="1">
              <value>
                <![CDATA[Red Oak Solid Wood Shaker]]>
              </value>
            </param>
            <param index="2">
              <value>
                <![CDATA[None]]>
              </value>
            </param>
            <param index="3">
              <value>
                <![CDATA[Doors]]>
              </value>
            </param>
            <param index="4">
              <value>
                <![CDATA[18x20 pull out]]>
              </value>
            </param>
            <param index="5">
              <value>
                <![CDATA[1]]>
              </value>
            </param>
            <param index="6">
              <value>
                <![CDATA[18]]>
              </value>
            </param>
            <param index="7">
              <value>
                <![CDATA[20]]>
              </value>
            </param>
          </params>
          <exception class="org.openqa.selenium.ElementNotVisibleException">
            <message>
              <![CDATA[element not visible
  (Session info: chrome=67.0.3396.99)
  (Driver info: chromedriver=2.38.552522 (437e6fbedfa8762dec75e2c5b3ddb86763dc9dcb),platform=Windows NT 10.0.16299 x86_64) (WARNING: The server did not provide any stacktrace information)
Command duration or timeout: 23 milliseconds
Build info: version: '2.40.0', revision: '4c5c0568b004f67810ee41c459549aa4b09c651e', time: '2014-02-19 11:13:01'
System info: host: 'DESKTOP-BADJCCG', ip: '169.254.90.145', os.name: 'Windows 10', os.arch: 'amd64', os.version: '10.0', java.version: '1.8.0_161'
Driver info: org.openqa.selenium.chrome.ChromeDriver
Capabilities [{applicationCacheEnabled=false, rotatable=false, mobileEmulationEnabled=false, networkConnectionEnabled=false, chrome={chromedriverVersion=2.38.552522 (437e6fbedfa8762dec75e2c5b3ddb86763dc9dcb), userDataDir=C:\Users\vijay\AppData\Local\Temp\scoped_dir13108_4095}, takesHeapSnapshot=true, pageLoadStrategy=normal, databaseEnabled=false, handlesAlerts=true, hasTouchScreen=false, version=67.0.3396.99, platform=XP, browserConnectionEnabled=false, nativeEvents=true, acceptSslCerts=false, acceptInsecureCerts=false, locationContextEnabled=true, webStorageEnabled=true, browserName=chrome, takesScreenshot=true, javascriptEnabled=true, cssSelectorsEnabled=true, setWindowRect=true, unexpectedAlertBehaviour=}]
Session ID: 1bd7fd8f6ba36cb4319f98b36670891b]]>
            </message>
            <full-stacktrace>
              <![CDATA[org.openqa.selenium.ElementNotVisibleException: element not visible
  (Session info: chrome=67.0.3396.99)
  (Driver info: chromedriver=2.38.552522 (437e6fbedfa8762dec75e2c5b3ddb86763dc9dcb),platform=Windows NT 10.0.16299 x86_64) (WARNING: The server did not provide any stacktrace information)
Command duration or timeout: 23 milliseconds
Build info: version: '2.40.0', revision: '4c5c0568b004f67810ee41c459549aa4b09c651e', time: '2014-02-19 11:13:01'
System info: host: 'DESKTOP-BADJCCG', ip: '169.254.90.145', os.name: 'Windows 10', os.arch: 'amd64', os.version: '10.0', java.version: '1.8.0_161'
Driver info: org.openqa.selenium.chrome.ChromeDriver
[...]
Command duration or timeout: 23 milliseconds
For documentation on this error, please visit: http://seleniumhq.org/exceptions/no_such_element.html
Build info: version: '2.40.0', revision: '4c5c0568b004f67810ee41c459549aa4b09c651e', time: '2014-02-19 11:13:01'
System info: host: 'DESKTOP-BADJCCG', ip: '169.254.90.145', os.name: 'Windows 10', os.arch: 'amd64', os.version: '10.0', java.version: '1.8.0_161'
Driver info: org.openqa.selenium.chrome.ChromeDriver
Capabilities [{applicationCacheEnabled=false, rotatable=false, mobileEmulationEnabled=false, networkConnectionEnabled=false, chrome={chromedriverVersion=2.38.552522 (437e6fbedfa8762dec75e2c5b3ddb86763dc9dcb), userDataDir=C:\Users\vijay\AppData\Local\Temp\scoped_dir13108_4095}, takesHeapSnapshot=true, pageLoadStrategy=normal, databaseEnabled=false, handlesAlerts=true, hasTouchScreen=false, version=67.0.3396.99, platform=XP, browserConnectionEnabled=false, nativeEvents=true, acceptSslCerts=false, acceptInsecureCerts=false, locationContextEnabled=true, webStorageEnabled=true, browserName=chrome, takesScreenshot=true, javascriptEnabled=true, cssSelectorsEnabled=true, setWindowRect=true, unexpectedAlertBehaviour=}]
Session ID: 1bd7fd8f6ba36cb4319f98b36670891b
	at sun.reflect.GeneratedConstructorAccessor23.newInstance(Unknown Source)
	at sun.reflect.DelegatingConstructorAccessorImpl.newInstance(Unknown Source)
	at java.lang.reflect.Constructor.newInstance(Unknown Source)
	at org.openqa.selenium.remote.ErrorHandler.createThrowable(ErrorHandler.java:193)
	at org.openqa.selenium.remote.ErrorHandler.throwIfResponseFailed(ErrorHandler.java:145)
	at org.openqa.selenium.remote.RemoteWebDriver.execute(RemoteWebDriver.java:573)
	at org.openqa.selenium.remote.RemoteWebDriver.findElement(RemoteWebDriver.java:326)
	at org.openqa.selenium.remote.RemoteWebDriver.findElementByXPath(RemoteWebDriver.java:423)
	at org.openqa.selenium.By$ByXPath.findElement(By.java:357)
	at org.openqa.selenium.remote.RemoteWebDriver.findElement(RemoteWebDriver.java:318)
	at com.prod.estimate.CategoryPage.clickOnUnfinish(CategoryPage.java:382)
	at com.prod.estimate.CategoryPage.estimsteProcess(CategoryPage.java:217)
	at com.prod.testcases.EstimateTestCase.testSignIn(EstimateTestCase.java:83)
	at sun.reflect.GeneratedMethodAccessor8.invoke(Unknown Source)
	at sun.reflect.DelegatingMethodAccessorImpl.invoke(Unknown Source)
	at java.lang.reflect.Method.invoke(Unknown Source)
	at org.testng.internal.MethodInvocationHelper.invokeMethod(MethodInvocationHelper.java:80)
	at org.testng.internal.Invoker.invokeMethod(Invoker.java:714)
	at org.testng.internal.Invoker.invokeTestMethod(Invoker.java:901)
	at org.testng.internal.Invoker.invokeTestMethods(Invoker.java:1231)
	at org.testng.internal.TestMethodWorker.invokeTestMethods(TestMethodWorker.java:127)
	at org.testng.internal.TestMethodWorker.run(TestMethodWorker.java:111)
	at org.testng.TestRunner.privateRun(TestRunner.java:767)
	at org.testng.TestRunner.run(TestRunner.java:617)
	at org.testng.SuiteRunner.runTest(SuiteRunner.java:334)
	at org.testng.SuiteRunner.runSequentially(SuiteRunner.java:329)
	at org.testng.SuiteRunner.privateRun(SuiteRunner.java:291)
	at org.testng.SuiteRunner.run(SuiteRunner.java:240)
	at org.testng.SuiteRunnerWorker.runSuite(SuiteRunnerWorker.java:52)
	at org.testng.SuiteRunnerWorker.run(SuiteRunnerWorker.java:86)
	at org.testng.TestNG.runSuitesSequentially(TestNG.java:1198)
	at org.testng.TestNG.runSuitesLocally(TestNG.java:1123)
	at org.testng.TestNG.run(TestNG.java:1031)
	at org.testng.remote.AbstractRemoteTestNG.run(AbstractRemoteTestNG.java:114)
	at org.testng.remote.RemoteTestNG.initAndRun(RemoteTestNG.java:251)
	at org.testng.remote.RemoteTestNG.main(RemoteTestNG.java:77)
]]>
            </full-stacktrace>
          </exception> <!-- org.openqa.selenium.NoSuchElementException -->
          <reporter-output>
          </reporter-output>
        </test-method> <!-- testSignIn -->
        <test-method status="FAIL" signature="testSignIn(java.lang.String, java.lang.String, java.lang.String, java.lang.String, java.lang.String, java.lang.String, java.lang.String, java.lang.String)[pri:0, instance:com.prod.testcases.EstimateTestCase@2f686d1f]" name="testSignIn" duration-ms="136932" started-at="2018-06-28T14:24:53Z" data-provider="estimateDetails" finished-at="2018-06-28T14:27:10Z">
          <params>
            <param index="0">
              <value>
                <![CDATA[Solid Wood Shaker]]>
              </value>
            </param>
            <param index="1">
              <value>
                <![CDATA[Red Oak Solid Wood Shaker]]>
              </value>
            </param>
            <param index="2">
              <value>
                <![CDATA[None]]>
              </value>
            </param>
            <param index="3">
              <value>
                <![CDATA[Cabinet Spacers]]>
              </value>
            </param>
            <param index="4">
              <value>
                <![CDATA[5x85 (tall cab)]]>
              </value>
            </param>
            <param index="5">
              <value>
                <![CDATA[1]]>
              </value>
            </param>
            <param index="6">
              <value>
                <![CDATA[5]]>
              </value>
            </param>
            <param index="7">
              <value>
                <![CDATA[85]]>
              </value>
            </param>
          </params>
          <exception class="org.openqa.selenium.NoSuchElementException">
            <message>
              <![CDATA[no such element: Unable to locate element: {"method":"xpath","selector":".//*[@id='div-select-options']/div[4]/div/div[4]/div[2]/label[3][text() = 'Unfinished (price reduced)']"}
  (Session info: chrome=67.0.3396.99)
  (Driver info: chromedriver=2.38.552522 (437e6fbedfa8762dec75e2c5b3ddb86763dc9dcb),platform=Windows NT 10.0.16299 x86_64) (WARNING: The server did not provide any stacktrace information)
Command duration or timeout: 42 milliseconds
For documentation on this error, please visit: http://seleniumhq.org/exceptions/no_such_element.html
Build info: version: '2.40.0', revision: '4c5c0568b004f67810ee41c459549aa4b09c651e', time: '2014-02-19 11:13:01'
System info: host: 'DESKTOP-BADJCCG', ip: '169.254.90.145', os.name: 'Windows 10', os.arch: 'amd64', os.version: '10.0', java.version: '1.8.0_161'
Driver info: org.openqa.selenium.chrome.ChromeDriver
Capabilities [{applicationCacheEnabled=false, rotatable=false, mobileEmulationEnabled=false, networkConnectionEnabled=false, chrome={chromedriverVersion=2.38.552522 (437e6fbedfa8762dec75e2c5b3ddb86763dc9dcb), userDataDir=C:\Users\vijay\AppData\Local\Temp\scoped_dir13108_4095}, takesHeapSnapshot=true, pageLoadStrategy=normal, databaseEnabled=false, handlesAlerts=true, hasTouchScreen=false, version=67.0.3396.99, platform=XP, browserConnectionEnabled=false, nativeEvents=true, acceptSslCerts=false, acceptInsecureCerts=false, locationContextEnabled=true, webStorageEnabled=true, browserName=chrome, takesScreenshot=true, javascriptEnabled=true, cssSelectorsEnabled=true, setWindowRect=true, unexpectedAlertBehaviour=}]
Session ID: 1bd7fd8f6ba36cb4319f98b36670891b]]>
            </message>
            <full-stacktrace>
              <![CDATA[org.openqa.selenium.NoSuchElementException: no such element: Unable to locate element: {"method":"xpath","selector":".//*[@id='div-select-options']/div[4]/div/div[4]/div[2]/label[3][text() = 'Unfinished (price reduced)']"}
  (Session info: chrome=67.0.3396.99)
  (Driver info: chromedriver=2.38.552522 (437e6fbedfa8762dec75e2c5b3ddb86763dc9dcb),platform=Windows NT 10.0.16299 x86_64) (WARNING: The server did not provide any stacktrace information)
Command duration or timeout: 42 milliseconds
For documentation on this error, please visit: http://seleniumhq.org/exceptions/no_such_element.html
Build info: version: '2.40.0', revision: '4c5c0568b004f67810ee41c459549aa4b09c651e', time: '2014-02-19 11:13:01'
System info: host: 'DESKTOP-BADJCCG', ip: '169.254.90.145', os.name: 'Windows 10', os.arch: 'amd64', os.version: '10.0', java.version: '1.8.0_161'
Driver info: org.openqa.selenium.chrome.ChromeDriver
Capabilities [{applicationCacheEnabled=false, rotatable=false, mobileEmulationEnabled=false, networkConnectionEnabled=false, chrome={chromedriverVersion=2.38.552522 (437e6fbedfa8762dec75e2c5b3ddb86763dc9dcb), userDataDir=C:\Users\vijay\AppData\Local\Temp\scoped_dir13108_4095}, takesHeapSnapshot=true, pageLoadStrategy=normal, databaseEnabled=false, handlesAlerts=true, hasTouchScreen=false, version=67.0.3396.99, platform=XP, browserConnectionEnabled=false, nativeEvents=true, acceptSslCerts=false, acceptInsecureCerts=false, locationContextEnabled=true, webStorageEnabled=true, browserName=chrome, takesScreenshot=true, javascriptEnabled=true, cssSelectorsEnabled=true, setWindowRect=true, unexpectedAlertBehaviour=}]
Session ID: 1bd7fd8f6ba36cb4319f98b36670891b
	at sun.reflect.GeneratedConstructorAccessor23.newInstance(Unknown Source)
	at sun.reflect.DelegatingConstructorAccessorImpl.newInstance(Unknown Source)
	at java.lang.reflect.Constructor.newInstance(Unknown Source)
	at org.openqa.selenium.remote.ErrorHandler.createThrowable(ErrorHandler.java:193)
	at org.openqa.selenium.remote.ErrorHandler.throwIfResponseFailed(ErrorHandler.java:145)
	at org.openqa.selenium.remote.RemoteWebDriver.execute(RemoteWebDriver.java:573)
	at org.openqa.selenium.remote.RemoteWebDriver.findElement(RemoteWebDriver.java:326)
	at org.openqa.selenium.remote.RemoteWebDriver.findElementByXPath(RemoteWebDriver.java:423)
	at org.openqa.selenium.By$ByXPath.findElement(By.java:357)
	at org.openqa.selenium.remote.RemoteWebDriver.findElement(RemoteWebDriver.java:318)
	at com.prod.estimate.CategoryPage.clickOnUnfinish(CategoryPage.java:382)
	at com.prod.estimate.CategoryPage.estimsteProcess(CategoryPage.java:217)
	at com.prod.testcases.EstimateTestCase.testSignIn(EstimateTestCase.java:83)
	at sun.reflect.GeneratedMethodAccessor8.invoke(Unknown Source)
	at sun.reflect.DelegatingMethodAccessorImpl.invoke(Unknown Source)
	at java.lang.reflect.Method.invoke(Unknown Source)
	at org.testng.internal.MethodInvocationHelper.invokeMethod(MethodInvocationHelper.java:80)
	at org.testng.internal.Invoker.invokeMethod(Invoker.java:714)
	at org.testng.internal.Invoker.invokeTestMethod(Invoker.java:901)
	at org.testng.internal.Invoker.invokeTestMethods(Invoker.java:1231)
	at org.testng.internal.TestMethodWorker.invokeTestMethods(TestMethodWorker.java:127)
	at org.testng.internal.TestMethodWorker.run(TestMethodWorker.java:111)
	at org.testng.TestRunner.privateRun(TestRunner.java:767)
	at org.testng.TestRunner.run(TestRunner.java:617)
	at org.testng.SuiteRunner.runTest(SuiteRunner.java:334)
	at org.testng.SuiteRunner.runSequentially(SuiteRunner.java:329)
	at org.testng.SuiteRunner.privateRun(SuiteRunner.java:291)
	at org.testng.SuiteRunner.run(SuiteRunner.java:240)
	at org.testng.SuiteRunnerWorker.runSuite(SuiteRunnerWorker.java:52)
	at org.testng.SuiteRunnerWorker.run(SuiteRunnerWorker.java:86)
	at org.testng.TestNG.runSuitesSequentially(TestNG.java:1198)
	at org.testng.TestNG.runSuitesLocally(TestNG.java:1123)
	at org.testng.TestNG.run(TestNG.java:1031)
	at org.testng.remote.AbstractRemoteTestNG.run(AbstractRemoteTestNG.java:114)
	at org.testng.remote.RemoteTestNG.initAndRun(RemoteTestNG.java:251)
	at org.testng.remote.RemoteTestNG.main(RemoteTestNG.java:77)
]]>
            </full-stacktrace>
          </exception> <!-- org.openqa.selenium.NoSuchElementException -->
          <reporter-output>
          </reporter-output>
        </test-method> <!-- testSignIn -->
        <test-method status="FAIL" signature="testSignIn(java.lang.String, java.lang.String, java.lang.String, java.lang.String, java.lang.String, java.lang.String, java.lang.String, java.lang.String)[pri:0, instance:com.prod.testcases.EstimateTestCase@2f686d1f]" name="testSignIn" duration-ms="137688" started-at="2018-06-28T14:27:10Z" data-provider="estimateDetails" finished-at="2018-06-28T14:29:28Z">
          <params>
            <param index="0">
              <value>
                <![CDATA[Solid Wood Shaker]]>
              </value>
            </param>
            <param index="1">
              <value>
                <![CDATA[Red Oak Solid Wood Shaker]]>
              </value>
            </param>
            <param index="2">
              <value>
                <![CDATA[None]]>
              </value>
            </param>
            <param index="3">
              <value>
                <![CDATA[Cabinet Spacers]]>
              </value>
            </param>
            <param index="4">
              <value>
                <![CDATA[5x95 (taller cab)]]>
              </value>
            </param>
            <param index="5">
              <value>
                <![CDATA[1]]>
              </value>
            </param>
            <param index="6">
              <value>
                <![CDATA[5]]>
              </value>
            </param>
            <param index="7">
              <value>
                <![CDATA[95]]>
              </value>
            </param>
          </params>
          <exception class="org.openqa.selenium.NoSuchElementException">
            <message>
              <![CDATA[no such element: Unable to locate element: {"method":"xpath","selector":".//*[@id='div-select-options']/div[4]/div/div[4]/div[2]/label[3][text() = 'Unfinished (price reduced)']"}
  (Session info: chrome=67.0.3396.99)
  (Driver info: chromedriver=2.38.552522 (437e6fbedfa8762dec75e2c5b3ddb86763dc9dcb),platform=Windows NT 10.0.16299 x86_64) (WARNING: The server did not provide any stacktrace information)
Command duration or timeout: 21 milliseconds
For documentation on this error, please visit: http://seleniumhq.org/exceptions/no_such_element.html
Build info: version: '2.40.0', revision: '4c5c0568b004f67810ee41c459549aa4b09c651e', time: '2014-02-19 11:13:01'
System info: host: 'DESKTOP-BADJCCG', ip: '169.254.90.145', os.name: 'Windows 10', os.arch: 'amd64', os.version: '10.0', java.version: '1.8.0_161'
Driver info: org.openqa.selenium.chrome.ChromeDriver
Capabilities [{applicationCacheEnabled=false, rotatable=false, mobileEmulationEnabled=false, networkConnectionEnabled=false, chrome={chromedriverVersion=2.38.552522 (437e6fbedfa8762dec75e2c5b3ddb86763dc9dcb), userDataDir=C:\Users\vijay\AppData\Local\Temp\scoped_dir13108_4095}, takesHeapSnapshot=true, pageLoadStrategy=normal, databaseEnabled=false, handlesAlerts=true, hasTouchScreen=false, version=67.0.3396.99, platform=XP, browserConnectionEnabled=false, nativeEvents=true, acceptSslCerts=false, acceptInsecureCerts=false, locationContextEnabled=true, webStorageEnabled=true, browserName=chrome, takesScreenshot=true, javascriptEnabled=true, cssSelectorsEnabled=true, setWindowRect=true, unexpectedAlertBehaviour=}]
Session ID: 1bd7fd8f6ba36cb4319f98b36670891b]]>
            </message>
            <full-stacktrace>
              <![CDATA[org.openqa.selenium.NoSuchElementException: no such element: Unable to locate element: {"method":"xpath","selector":".//*[@id='div-select-options']/div[4]/div/div[4]/div[2]/label[3][text() = 'Unfinished (price reduced)']"}
  (Session info: chrome=67.0.3396.99)
  (Driver info: chromedriver=2.38.552522 (437e6fbedfa8762dec75e2c5b3ddb86763dc9dcb),platform=Windows NT 10.0.16299 x86_64) (WARNING: The server did not provide any stacktrace information)
Command duration or timeout: 21 milliseconds
For documentation on this error, please visit: http://seleniumhq.org/exceptions/no_such_element.html
Build info: version: '2.40.0', revision: '4c5c0568b004f67810ee41c459549aa4b09c651e', time: '2014-02-19 11:13:01'
System info: host: 'DESKTOP-BADJCCG', ip: '169.254.90.145', os.name: 'Windows 10', os.arch: 'amd64', os.version: '10.0', java.version: '1.8.0_161'
Driver info: org.openqa.selenium.chrome.ChromeDriver
Capabilities [{applicationCacheEnabled=false, rotatable=false, mobileEmulationEnabled=false, networkConnectionEnabled=false, chrome={chromedriverVersion=2.38.552522 (437e6fbedfa8762dec75e2c5b3ddb86763dc9dcb), userDataDir=C:\Users\vijay\AppData\Local\Temp\scoped_dir13108_4095}, takesHeapSnapshot=true, pageLoadStrategy=normal, databaseEnabled=false, handlesAlerts=true, hasTouchScreen=false, version=67.0.3396.99, platform=XP, browserConnectionEnabled=false, nativeEvents=true, acceptSslCerts=false, acceptInsecureCerts=false, locationContextEnabled=true, webStorageEnabled=true, browserName=chrome, takesScreenshot=true, javascriptEnabled=true, cssSelectorsEnabled=true, setWindowRect=true, unexpectedAlertBehaviour=}]
Session ID: 1bd7fd8f6ba36cb4319f98b36670891b
	at sun.reflect.GeneratedConstructorAccessor23.newInstance(Unknown Source)
	at sun.reflect.DelegatingConstructorAccessorImpl.newInstance(Unknown Source)
	at java.lang.reflect.Constructor.newInstance(Unknown Source)
	at org.openqa.selenium.remote.ErrorHandler.createThrowable(ErrorHandler.java:193)
	at org.openqa.selenium.remote.ErrorHandler.throwIfResponseFailed(ErrorHandler.java:145)
	at org.openqa.selenium.remote.RemoteWebDriver.execute(RemoteWebDriver.java:573)
	at org.openqa.selenium.remote.RemoteWebDriver.findElement(RemoteWebDriver.java:326)
	at org.openqa.selenium.remote.RemoteWebDriver.findElementByXPath(RemoteWebDriver.java:423)
	at org.openqa.selenium.By$ByXPath.findElement(By.java:357)
	at org.openqa.selenium.remote.RemoteWebDriver.findElement(RemoteWebDriver.java:318)
	at com.prod.estimate.CategoryPage.clickOnUnfinish(CategoryPage.java:382)
	at com.prod.estimate.CategoryPage.estimsteProcess(CategoryPage.java:217)
	at com.prod.testcases.EstimateTestCase.testSignIn(EstimateTestCase.java:83)
	at sun.reflect.GeneratedMethodAccessor8.invoke(Unknown Source)
	at sun.reflect.DelegatingMethodAccessorImpl.invoke(Unknown Source)
	at java.lang.reflect.Method.invoke(Unknown Source)
	at org.testng.internal.MethodInvocationHelper.invokeMethod(MethodInvocationHelper.java:80)
	at org.testng.internal.Invoker.invokeMethod(Invoker.java:714)
	at org.testng.internal.Invoker.invokeTestMethod(Invoker.java:901)
	at org.testng.internal.Invoker.invokeTestMethods(Invoker.java:1231)
	at org.testng.internal.TestMethodWorker.invokeTestMethods(TestMethodWorker.java:127)
	at org.testng.internal.TestMethodWorker.run(TestMethodWorker.java:111)
	at org.testng.TestRunner.privateRun(TestRunner.java:767)
	at org.testng.TestRunner.run(TestRunner.java:617)
	at org.testng.SuiteRunner.runTest(SuiteRunner.java:334)
	at org.testng.SuiteRunner.runSequentially(SuiteRunner.java:329)
	at org.testng.SuiteRunner.privateRun(SuiteRunner.java:291)
	at org.testng.SuiteRunner.run(SuiteRunner.java:240)
	at org.testng.SuiteRunnerWorker.runSuite(SuiteRunnerWorker.java:52)
	at org.testng.SuiteRunnerWorker.run(SuiteRunnerWorker.java:86)
	at org.testng.TestNG.runSuitesSequentially(TestNG.java:1198)
	at org.testng.TestNG.runSuitesLocally(TestNG.java:1123)
	at org.testng.TestNG.run(TestNG.java:1031)
	at org.testng.remote.AbstractRemoteTestNG.run(AbstractRemoteTestNG.java:114)
	at org.testng.remote.RemoteTestNG.initAndRun(RemoteTestNG.java:251)
	at org.testng.remote.RemoteTestNG.main(RemoteTestNG.java:77)
]]>
            </full-stacktrace>
          </exception> <!-- org.openqa.selenium.NoSuchElementException -->
          <reporter-output>
          </reporter-output>
        </test-method> <!-- testSignIn -->
        <test-method status="PASS" signature="tearDown()[pri:0, instance:com.prod.testcases.EstimateTestCase@2f686d1f]" name="tearDown" is-config="true" duration-ms="1184" started-at="2018-06-28T14:29:28Z" finished-at="2018-06-28T14:29:29Z">
          <reporter-output>
          </reporter-output>
        </test-method> <!-- tearDown -->
      </class> <!-- com.prod.testcases.EstimateTestCase -->
    </test> <!-- Gudppl Automation Event -->
  </suite> <!-- Automation -->
</testng-results>
